{"numTotalTestSuites":24,"numPassedTestSuites":12,"numFailedTestSuites":12,"numPendingTestSuites":0,"numTotalTests":46,"numPassedTests":32,"numFailedTests":10,"numPendingTests":0,"numTodoTests":0,"snapshot":{"added":0,"failure":false,"filesAdded":0,"filesRemoved":0,"filesRemovedList":[],"filesUnmatched":0,"filesUpdated":0,"matched":0,"total":0,"unchecked":0,"uncheckedKeysByFile":[],"unmatched":0,"updated":0,"didUpdate":false},"startTime":1777914446387,"success":false,"testResults":[{"assertionResults":[{"ancestorTitles":["AnalyticsDashboard"],"fullName":"AnalyticsDashboard should restrict access to non-owners","status":"passed","title":"should restrict access to non-owners","duration":13.496874999999818,"failureMessages":[],"meta":{}},{"ancestorTitles":["AnalyticsDashboard"],"fullName":"AnalyticsDashboard should render loading state initially for owners","status":"passed","title":"should render loading state initially for owners","duration":6.697250000000167,"failureMessages":[],"meta":{}},{"ancestorTitles":["AnalyticsDashboard"],"fullName":"AnalyticsDashboard should render dashboard data when loaded","status":"failed","title":"should render dashboard data when loaded","duration":1006.8150000000003,"failureMessages":["Error: Unable to find an element by: [data-testid=\"line-chart\"]\n\nIgnored nodes: comments, script, style\n\u001b[36m<body>\u001b[39m\n  \u001b[36m<div>\u001b[39m\n    \u001b[36m<div\u001b[39m\n      \u001b[33mclass\u001b[39m=\u001b[32m\"min-h-screen bg-slate-100 flex flex-col\"\u001b[39m\n    \u001b[36m>\u001b[39m\n      \u001b[36m<header\u001b[39m\n        \u001b[33mclass\u001b[39m=\u001b[32m\"sticky top-0 z-40 border-b border-slate-200 bg-white shadow-sm\"\u001b[39m\n      \u001b[36m>\u001b[39m\n        \u001b[36m<div\u001b[39m\n          \u001b[33mclass\u001b[39m=\u001b[32m\"mx-auto flex max-w-7xl flex-col gap-3 px-4 py-3 sm:flex-row sm:items-center sm:justify-between sm:gap-4\"\u001b[39m\n        \u001b[36m>\u001b[39m\n          \u001b[36m<a\u001b[39m\n            \u001b[33mclass\u001b[39m=\u001b[32m\"flex items-center gap-3 hover:opacity-90\"\u001b[39m\n            \u001b[33mhref\u001b[39m=\u001b[32m\"/dashboard\"\u001b[39m\n          \u001b[36m>\u001b[39m\n            \u001b[36m<div\u001b[39m\n              \u001b[33mclass\u001b[39m=\u001b[32m\"flex h-10 w-10 shrink-0 items-center justify-center rounded-lg bg-brand text-lg font-bold text-white shadow\"\u001b[39m\n            \u001b[36m>\u001b[39m\n              \u001b[0mL\u001b[0m\n            \u001b[36m</div>\u001b[39m\n            \u001b[36m<div\u001b[39m\n              \u001b[33mclass\u001b[39m=\u001b[32m\"hidden sm:block\"\u001b[39m\n            \u001b[36m>\u001b[39m\n              \u001b[36m<p\u001b[39m\n                \u001b[33mclass\u001b[39m=\u001b[32m\"text-lg font-bold tracking-tight text-slate-900\"\u001b[39m\n              \u001b[36m>\u001b[39m\n                \u001b[0mLocalSpot\u001b[0m\n              \u001b[36m</p>\u001b[39m\n              \u001b[36m<p\u001b[39m\n                \u001b[33mclass\u001b[39m=\u001b[32m\"text-xs text-slate-500\"\u001b[39m\n              \u001b[36m>\u001b[39m\n                \u001b[0mDiscover local favorites\u001b[0m\n              \u001b[36m</p>\u001b[39m\n            \u001b[36m</div>\u001b[39m\n          \u001b[36m</a>\u001b[39m\n          \u001b[36m<div\u001b[39m\n            \u001b[33mclass\u001b[39m=\u001b[32m\"flex-1\"\u001b[39m\n          \u001b[36m/>\u001b[39m\n          \u001b[36m<div\u001b[39m\n            \u001b[33mclass\u001b[39m=\u001b[32m\"flex items-center justify-between gap-3 sm:justify-end\"\u001b[39m\n          \u001b[36m>\u001b[39m\n            \u001b[36m<div\u001b[39m\n              \u001b[33mclass\u001b[39m=\u001b[32m\"flex items-center gap-2\"\u001b[39m\n            \u001b[36m>\u001b[39m\n              \u001b[36m<div\u001b[39m\n                \u001b[33mclass\u001b[39m=\u001b[32m\"hidden text-right sm:block\"\u001b[39m\n              \u001b[36m>\u001b[39m\n                \u001b[36m<p\u001b[39m\n                  \u001b[33mclass\u001b[39m=\u001b[32m\"text-sm font-semibold text-slate-900\"\u001b[39m\n                \u001b[36m>\u001b[39m\n                  \u001b[0mGuest\u001b[0m\n                \u001b[36m</p>\u001b[39m\n                \u001b[36m<p\u001b[39m\n                  \u001b[33mclass\u001b[39m=\u001b[32m\"text-xs text-slate-500\"\u001b[39m\n                \u001b[36m/>\u001b[39m\n              \u001b[36m</div>\u001b[39m\n              \u001b[36m<div\u001b[39m\n                \u001b[33mclass\u001b[39m=\u001b[32m\"flex h-10 w-10 items-center justify-center rounded-full bg-slate-200 text-xs font-bold text-slate-700\"\u001b[39m\n              \u001b[36m>\u001b[39m\n                \u001b[0mU\u001b[0m\n              \u001b[36m</div>\u001b[39m\n              \u001b[36m<a\u001b[39m\n                \u001b[33mclass\u001b[39m=\u001b[32m\"rounded-lg bg-slate-50 border border-slate-200 px-3 py-2 text-sm font-medium text-slate-700 hover:bg-slate-100\"\u001b[39m\n                \u001b[33mhref\u001b[39m=\u001b[32m\"/dashboard\"\u001b[39m\n              \u001b[36m>\u001b[39m\n                \u001b[0mBack to Map\u001b[0m\n              \u001b[36m</a>\u001b[39m\n              \u001b[36m<button\u001b[39m\n                \u001b[33mclass\u001b[39m=\u001b[32m\"rounded-lg border border-slate-200 bg-white px-3 py-2 text-sm font-medium text-slate-700 hover:bg-slate-50\"\u001b[39m\n                \u001b[33mtype\u001b[39m=\u001b[32m\"button\"\u001b[39m\n              \u001b[36m>\u001b[39m\n                \u001b[0mLog out\u001b[0m\n              \u001b[36m</button>\u001b[39m\n            \u001b[36m</div>\u001b[39m\n          \u001b[36m</div>\u001b[39m\n        \u001b[36m</div>\u001b[39m\n      \u001b[36m</header>\u001b[39m\n      \u001b[36m<div\u001b[39m\n        \u001b[33mclass\u001b[39m=\u001b[32m\"relative h-64 md:h-80 w-full bg-brand overflow-hidden shrink-0\"\u001b[39m\n      \u001b[36m>\u001b[39m\n        \u001b[36m<img\u001b[39m\n          \u001b[33malt\u001b[39m=\u001b[32m\"Test Venue\"\u001b[39m\n          \u001b[33mclass\u001b[39m=\u001b[32m\"absolute inset-0 w-full h-full object-cover opacity-80\"\u001b[39m\n          \u001b[33msrc\u001b[39m=\u001b[32m\"https://images.unsplash.com/photo-1554118811-1e0d58224f24?auto=format&fit=crop&q=80&w=1200\"\u001b[39m\n        \u001b[36m/>\u001b[39m\n        \u001b[36m<div\u001b[39m\n          \u001b[33mclass\u001b[39m=\u001b[32m\"absolute inset-0 bg-gradient-to-t from-slate-900/90 via-slate-900/40 to-transparent\"\u001b[39m\n        \u001b[36m/>\u001b[39m\n        \u001b[36m<div\u001b[39m\n          \u001b[33mclass\u001b[39m=\u001b[32m\"absolute bottom-0 left-0 w-full p-6 md:p-10 z-10 flex justify-between items-end\"\u001b[39m\n        \u001b[36m>\u001b[39m\n          \u001b[36m<div\u001b[39m\n            \u001b[33mclass\u001b[39m=\u001b[32m\"max-w-7xl mx-auto flex flex-col gap-2 w-full\"\u001b[39m\n          \u001b[36m>\u001b[39m\n            \u001b[36m<span\u001b[39m\n              \u001b[33mclass\u001b[39m=\u001b[32m\"inline-block px-3 py-1 rounded-full bg-white/20 backdrop-blur-md text-white text-xs font-semibold uppercase tracking-wider w-fit\"\u001b[39m\n            \u001b[36m>\u001b[39m\n              \u001b[0mOwner Dashboard\u001b[0m\n            \u001b[36m</span>\u001b[39m\n            \u001b[36m<h1\u001b[39m\n              \u001b[33mclass\u001b[39m=\u001b[32m\"text-3xl md:text-5xl font-bold text-white tracking-tight\"\u001b[39m\n            \u001b[36m>\u001b[39m\n              \u001b[0mTest Venue\u001b[0m\n            \u001b[36m</h1>\u001b[39m\n          \u001b[36m</div>\u001b[39m\n        \u001b[36m</div>\u001b[39m\n      \u001b[36m</div>\u001b[39m\n      \u001b[36m<main\u001b[39m\n        \u001b[33mclass\u001b[39m=\u001b[32m\"flex-1 max-w-7xl w-full mx-auto p-4 md:p-8\"\u001b[39m\n      \u001b[36m>\u001b[39m\n        \u001b[36m<div\u001b[39m\n          \u001b[33mclass\u001b[39m=\u001b[32m\"grid grid-cols-1 md:grid-cols-3 gap-6 mb-8 mt-2\"\u001b[39m\n        \u001b[36m>\u001b[39m\n          \u001b[36m<div\u001b[39m\n            \u001b[33mclass\u001b[39m=\u001b[32m\"bg-white p-6 rounded-2xl shadow-sm border border-slate-100 flex items-center gap-4 cursor-pointer hover:shadow-md transition\"\u001b[39m\n          \u001b[36m>\u001b[39m\n            \u001b[36m<div\u001b[39m\n              \u001b[33mclass\u001b[39m=\u001b[32m\"w-12 h-12 rounded-full bg-blue-50 text-blue-600 flex items-center justify-center\"\u001b[39m\n            \u001b[36m>\u001b[39m\n              \u001b[36m<svg\u001b[39m\n                \u001b[33maria-hidden\u001b[39m=\u001b[32m\"true\"\u001b[39m\n                \u001b[33mclass\u001b[39m=\u001b[32m\"lucide lucide-store w-6 h-6\"\u001b[39m\n                \u001b[33mfill\u001b[39m=\u001b[32m\"none\"\u001b[39m\n                \u001b[33mheight\u001b[39m=\u001b[32m\"24\"\u001b[39m\n                \u001b[33mstroke\u001b[39m=\u001b[32m\"currentColor\"\u001b[39m\n                \u001b[33mstroke-linecap\u001b[39m=\u001b[32m\"round\"\u001b[39m\n                \u001b[33mstroke-linejoin\u001b[39m=\u001b[32m\"round\"\u001b[39m\n                \u001b[33mstroke-width\u001b[39m=\u001b[32m\"2\"\u001b[39m\n                \u001b[33mviewBox\u001b[39m=\u001b[32m\"0 0 24 24\"\u001b[39m\n                \u001b[33mwidth\u001b[39m=\u001b[32m\"24\"\u001b[39m\n                \u001b[33mxmlns\u001b[39m=\u001b[32m\"http://www.w3.org/2000/svg\"\u001b[39m\n              \u001b[36m>\u001b[39m\n                \u001b[36m<path\u001b[39m\n                  \u001b[33md\u001b[39m=\u001b[32m\"M15 21v-5a1 1 0 0 0-1-1h-4a1 1 0 0 0-1 1v5\"\u001b[39m\n                \u001b[36m/>\u001b[39m\n                \u001b[36m<path\u001b[39m\n                  \u001b[33md\u001b[39m=\u001b[32m\"M17.774 10.31a1.12 1.12 0 0 0-1.549 0 2.5 2.5 0 0 1-3.451 0 1.12 1.12 0 0 0-1.548 0 2.5 2.5 0 0 1-3.452 0 1.12 1.12 0 0 0-1.549 0 2.5 2.5 0 0 1-3.77-3.248l2.889-4.184A2 2 0 0 1 7 2h10a2 2 0 0 1 1.653.873l2.895 4.192a2.5 2.5 0 0 1-3.774 3.244\"\u001b[39m\n                \u001b[36m/>\u001b[39m\n                \u001b[36m<path\u001b[39m\n                  \u001b[33md\u001b[39m=\u001b[32m\"M4 10.95V19a2 2 0 0 0 2 2h12a2 2 0 0 0 2-2v-8.05\"\u001b[39m\n                \u001b[36m/>\u001b[39m\n              \u001b[36m</svg>\u001b[39m\n            \u001b[36m</div>\u001b[39m\n            \u001b[36m<div>\u001b[39m\n              \u001b[36m<p\u001b[39m\n                \u001b[33mclass\u001b[39m=\u001b[32m\"text-sm font-medium text-slate-500\"\u001b[39m\n              \u001b[36m>\u001b[39m\n                \u001b[0mTotal Venues\u001b[0m\n              \u001b[36m</p>\u001b[39m\n              \u001b[36m<p\u001b[39m\n                \u001b[33mclass\u001b[39m=\u001b[32m\"text-2xl font-bold text-slate-800\"\u001b[39m\n              \u001b[36m>\u001b[39m\n                \u001b[0m2\u001b[0m\n              \u001b[36m</p>\u001b[39m\n            \u001b[36m</div>\u001b[39m\n          \u001b[36m</div>\u001b[39m\n          \u001b[36m<div\u001b[39m\n            \u001b[33mclass\u001b[39m=\u001b[32m\"bg-white p-6 rounded-2xl shadow-sm border border-slate-100 flex items-center gap-4\"\u001b[39m\n          \u001b[36m>\u001b[39m\n            \u001b[36m<div\u001b[39m\n              \u001b[33mclass\u001b[39m=\u001b[32m\"w-12 h-12 rounded-full bg-orange-50 text-orange-500 flex items-center justify-center\"\u001b[39m\n            \u001b[36m>\u001b[39m\n              \u001b[36m<svg\u001b[39m\n                \u001b[33maria-hidden\u001b[39m=\u001b[32m\"true\"\u001b[39m\n                \u001b[33mclass\u001b[39m=\u001b[32m\"lucide lucide-star w-6 h-6\"\u001b[39m\n                \u001b[33mfill\u001b[39m=\u001b[32m\"none\"\u001b[39m\n                \u001b[33mheight\u001b[39m=\u001b[32m\"24\"\u001b[39m\n                \u001b[33mstroke\u001b[39m=\u001b[32m\"currentColor\"\u001b[39m\n                \u001b[33mstroke-linecap\u001b[39m=\u001b[32m\"round\"\u001b[39m\n                \u001b[33mstroke-linejoin\u001b[39m=\u001b[32m\"round\"\u001b[39m\n                \u001b[33mstroke-width\u001b[39m=\u001b[32m\"2\"\u001b[39m\n                \u001b[33mviewBox\u001b[39m=\u001b[32m\"0 0 24 24\"\u001b[39m\n                \u001b[33mwidth\u001b[39m=\u001b[32m\"24\"\u001b[39m\n                \u001b[33mxmlns\u001b[39m=\u001b[32m\"http://www.w3.org/2000/svg\"\u001b[39m\n              \u001b[36m>\u001b[39m\n                \u001b[36m<path\u001b[39m\n                  \u001b[33md\u001b[39m=\u001b[32m\"M11.525 2.295a.53.53 0 0 1 .95 0l2.31 4.679a2.123 2.123 0 0 0 1.595 1.16l5.166.756a.53.53 0 0 1 .294.904l-3.736 3.638a2.123 2.123 0 0 0-.611 1.878l.882 5.14a.53.53 0 0 1-.771.56l-4.618-2.428a2.122 2.122 0 0 0-1.973 0L6.396 21.01a.53.53 0 0 1-.77-.56l.881-5.139a2.122 2.122 0 0 0-.611-1.879L2.16 9.795a.53.53 0 0 1 .294-.906l5.165-.755a2.122 2.122 0 0 0 1.597-1.16z\"\u001b[39m\n                \u001b[36m/>\u001b[39m\n              \u001b[36m</svg>\u001b[39m\n            \u001b[36m</div>\u001b[39m\n            \u001b[36m<div>\u001b[39m\n              \u001b[36m<p\u001b[39m\n                \u001b[33mclass\u001b[39m=\u001b[32m\"text-sm font-medium text-slate-500\"\u001b[39m\n              \u001b[36m>\u001b[39m\n                \u001b[0mAvg Rating\u001b[0m\n              \u001b[36m</p>\u001b[39m\n              \u001b[36m<p\u001b[39m\n                \u001b[33mclass\u001b[39m=\u001b[32m\"text-2xl font-bold text-slate-800\"\u001b[39m\n              \u001b[36m>\u001b[39m\n                \u001b[0m4.5\u001b[0m\n              \u001b[36m</p>\u001b[39m\n            \u001b[36m</div>\u001b[39m\n          \u001b[36m</div>\u001b[39m\n          \u001b[36m<div\u001b[39m\n            \u001b[33mclass\u001b[39m=\u001b[32m\"bg-white p-6 rounded-2xl shadow-sm border border-slate-100 flex items-center gap-4 cursor-pointer hover:shadow-md transition\"\u001b[39m\n          \u001b[36m>\u001b[39m\n            \u001b[36m<div\u001b[39m\n              \u001b[33mclass\u001b[39m=\u001b[32m\"w-12 h-12 rounded-full bg-green-50 text-green-600 flex items-center justify-center\"\u001b[39m\n            \u001b[36m>\u001b[39m\n              \u001b[36m<svg\u001b[39m\n                \u001b[33maria-hidden\u001b[39m=\u001b[32m\"true\"\u001b[39m\n                \u001b[33mclass\u001b[39m=\u001b[32m\"lucide lucide-message-square w-6 h-6\"\u001b[39m\n                \u001b[33mfill\u001b[39m=\u001b[32m\"none\"\u001b[39m\n                \u001b[33mheight\u001b[39m=\u001b[32m\"24\"\u001b[39m\n                \u001b[33mstroke\u001b[39m=\u001b[32m\"currentColor\"\u001b[39m\n                \u001b[33mstroke-linecap\u001b[39m=\u001b[32m\"round\"\u001b[39m\n                \u001b[33mstroke-linejoin\u001b[39m=\u001b[32m\"round\"\u001b[39m\n                \u001b[33mstroke-width\u001b[39m=\u001b[32m\"2\"\u001b[39m\n                \u001b[33mviewBox\u001b[39m=\u001b[32m\"0 0 24 24\"\u001b[39m\n                \u001b[33mwidth\u001b[39m=\u001b[32m\"24\"\u001b[39m\n                \u001b[33mxmlns\u001b[39m=\u001b[32m\"http://www.w3.org/2000/svg\"\u001b[39m\n              \u001b[36m>\u001b[39m\n                \u001b[36m<path\u001b[39m\n                  \u001b[33md\u001b[39m=\u001b[32m\"M22 17a2 2 0 0 1-2 2H6.828a2 2 0 0 0-1.414.586l-2.202 2.202A.71.71 0 0 1 2 21.286V5a2 2 0 0 1 2-2h16a2 2 0 0 1 2 2z\"\u001b[39m\n                \u001b[36m/>\u001b[39m\n              \u001b[36m</svg>\u001b[39m\n            \u001b[36m</div>\u001b[39m\n            \u001b[36m<div>\u001b[39m\n              \u001b[36m<p\u001b[39m\n                \u001b[33mclass\u001b[39m=\u001b[32m\"text-sm font-medium text-slate-500\"\u001b[39m\n              \u001b[36m>\u001b[39m\n                \u001b[0mTotal Reviews\u001b[0m\n              \u001b[36m</p>\u001b[39m\n              \u001b[36m<p\u001b[39m\n                \u001b[33mclass\u001b[39m=\u001b[32m\"text-2xl font-bold text-slate-800\"\u001b[39m\n              \u001b[36m>\u001b[39m\n                \u001b[0m15\u001b[0m\n              \u001b[36m</p>\u001b[39m\n            \u001b[36m</div>\u001b[39m\n          \u001b[36m</div>\u001b[39m\n        \u001b[36m</div>\u001b[39m\n        \u001b[36m<div\u001b[39m\n          \u001b[33mclass\u001b[39m=\u001b[32m\"flex flex-col gap-8\"\u001b[39m\n        \u001b[36m>\u001b[39m\n          \u001b[36m<div\u001b[39m\n            \u001b[33mclass\u001b[39m=\u001b[32m\"bg-white p-6 rounded-2xl shadow-sm border border-slate-100\"\u001b[39m\n          \u001b[36m>\u001b[39m\n            \u001b[36m<div\u001b[39m\n              \u001b[33mclass\u001b[39m=\u001b[32m\"flex flex-col gap-4 mb-6 sm:flex-row sm:items-center sm:justify-between\"\u001b[39m\n            \u001b[36m>\u001b[39m\n              \u001b[36m<h2\u001b[39m\n                \u001b[33mclass\u001b[39m=\u001b[32m\"text-lg font-bold text-slate-800\"\u001b[39m\n              \u001b[36m>\u001b[39m\n                \u001b[0mCrowd Activity\u001b[0m\n              \u001b[36m</h2>\u001b[39m\n              \u001b[36m<div\u001b[39m\n                \u001b[33mclass\u001b[39m=\u001b[32m\"flex items-center gap-1 flex-wrap\"\u001b[39m\n              \u001b[36m>\u001b[39m\n                \u001b[36m<button\u001b[39m\n                  \u001b[33mclass\u001b[39m=\u001b[32m\"px-3 py-1.5 rounded-lg text-xs font-semibold transition-colors bg-orange-500 text-white shadow-sm\"\u001b[39m\n                \u001b[36m>\u001b[39m\n                  \u001b[0mMon\u001b[0m\n                \u001b[36m</button>\u001b[39m\n                \u001b[36m<button\u001b[39m\n                  \u001b[33mclass\u001b[39m=\u001b[32m\"px-3 py-1.5 rounded-lg text-xs font-semibold transition-colors bg-slate-100 text-slate-500 hover:bg-slate-200\"\u001b[39m\n                \u001b[36m>\u001b[39m\n                  \u001b[0mTue\u001b[0m\n                \u001b[36m</button>\u001b[39m\n                \u001b[36m<button\u001b[39m\n                  \u001b[33mclass\u001b[39m=\u001b[32m\"px-3 py-1.5 rounded-lg text-xs font-semibold transition-colors bg-slate-100 text-slate-500 hover:bg-slate-200\"\u001b[39m\n                \u001b[36m>\u001b[39m\n                  \u001b[0mWed\u001b[0m\n                \u001b[36m</button>\u001b[39m\n                \u001b[36m<button\u001b[39m\n                  \u001b[33mclass\u001b[39m=\u001b[32m\"px-3 py-1.5 rounded-lg text-xs font-semibold transition-colors bg-slate-100 text-slate-500 hover:bg-slate-200\"\u001b[39m\n                \u001b[36m>\u001b[39m\n                  \u001b[0mThu\u001b[0m\n                \u001b[36m</button>\u001b[39m\n                \u001b[36m<button\u001b[39m\n                  \u001b[33mclass\u001b[39m=\u001b[32m\"px-3 py-1.5 rounded-lg text-xs font-semibold transition-colors bg-slate-100 text-slate-500 hover:bg-slate-200\"\u001b[39m\n                \u001b[36m>\u001b[39m\n                  \u001b[0mFri\u001b[0m\n                \u001b[36m</button>\u001b[39m\n                \u001b[36m<button\u001b[39m\n                  \u001b[33mclass\u001b[39m=\u001b[32m\"px-3 py-1.5 rounded-lg text-xs font-semibold transition-colors bg-slate-100 text-slate-500 hover:bg-slate-200\"\u001b[39m\n                \u001b[36m>\u001b[39m\n                  \u001b[0mSat\u001b[0m\n                \u001b[36m</button>\u001b[39m\n                \u001b[36m<button\u001b[39m\n                  \u001b[33mclass\u001b[39m=\u001b[32m\"px-3 py-1.5 rounded-lg text-xs font-semibold transition-colors bg-slate-100 text-slate-500 hover:bg-slate-200\"\u001b[39m\n                \u001b[36m>\u001b[39m\n                  \u001b[0mSun\u001b[0m\n                \u001b[36m</button>\u001b[39m\n              \u001b[36m</div>\u001b[39m\n            \u001b[36m</div>\u001b[39m\n            \u001b[36m<div\u001b[39m\n              \u001b[33mclass\u001b[39m=\u001b[32m\"h-72\"\u001b[39m\n            \u001b[36m>\u001b[39m\n              \u001b[36m<div\u001b[39m\n                \u001b[33mdata-testid\u001b[39m=\u001b[32m\"responsive-container\"\u001b[39m\n              \u001b[36m>\u001b[39m\n                \u001b[36m<div\u001b[39m\n                  \u001b[33mdata-testid\u001b[39m=\u001b[32m\"bar-chart\"\u001b[39m\n                \u001b[36m/>\u001b[39m\n              \u001b[36m</div>\u001b[39m\n            \u001b[36m</div>\u001b[39m\n          \u001b[36m</div>\u001b[39m\n        \u001b[36m</div>\u001b[39m\n      \u001b[36m</main>\u001b[39m\n    \u001b[36m</div>\u001b[39m\n  \u001b[36m</div>\u001b[39m\n\u001b[36m</body>\u001b[39m\n    at Proxy.waitFor (/Users/renumacbook/Documents/Prabhu - Git/local-spot/client/node_modules/@testing-library/dom/dist/wait-for.js:163:27)\n    at /Users/renumacbook/Documents/Prabhu - Git/local-spot/client/src/__tests__/AnalyticsDashboard.test.jsx:72:11\n    at file:///Users/renumacbook/Documents/Prabhu%20-%20Git/local-spot/client/node_modules/@vitest/runner/dist/index.js:146:14\n    at file:///Users/renumacbook/Documents/Prabhu%20-%20Git/local-spot/client/node_modules/@vitest/runner/dist/index.js:533:11\n    at runWithTimeout (file:///Users/renumacbook/Documents/Prabhu%20-%20Git/local-spot/client/node_modules/@vitest/runner/dist/index.js:39:7)\n    at runTest (file:///Users/renumacbook/Documents/Prabhu%20-%20Git/local-spot/client/node_modules/@vitest/runner/dist/index.js:1056:17)\n    at processTicksAndRejections (node:internal/process/task_queues:104:5)\n    at runSuite (file:///Users/renumacbook/Documents/Prabhu%20-%20Git/local-spot/client/node_modules/@vitest/runner/dist/index.js:1205:15)\n    at runSuite (file:///Users/renumacbook/Documents/Prabhu%20-%20Git/local-spot/client/node_modules/@vitest/runner/dist/index.js:1205:15)\n    at runFiles (file:///Users/renumacbook/Documents/Prabhu%20-%20Git/local-spot/client/node_modules/@vitest/runner/dist/index.js:1262:5)"],"meta":{}}],"startTime":1777914447840,"endTime":1777914448866.815,"status":"failed","message":"","name":"/Users/renumacbook/Documents/Prabhu - Git/local-spot/client/src/__tests__/AnalyticsDashboard.test.jsx"},{"assertionResults":[{"ancestorTitles":["AuthContext"],"fullName":"AuthContext should initialize without user if no token in localStorage","status":"passed","title":"should initialize without user if no token in localStorage","duration":26.292500000000018,"failureMessages":[],"meta":{}},{"ancestorTitles":["AuthContext"],"fullName":"AuthContext should load user if token exists in localStorage","status":"passed","title":"should load user if token exists in localStorage","duration":11.280124999999998,"failureMessages":[],"meta":{}},{"ancestorTitles":["AuthContext"],"fullName":"AuthContext should clear auth if token is invalid","status":"passed","title":"should clear auth if token is invalid","duration":5.6847080000000005,"failureMessages":[],"meta":{}},{"ancestorTitles":["AuthContext"],"fullName":"AuthContext should login and set user state","status":"passed","title":"should login and set user state","duration":10.560916000000134,"failureMessages":[],"meta":{}},{"ancestorTitles":["AuthContext"],"fullName":"AuthContext should logout and clear state","status":"passed","title":"should logout and clear state","duration":11.361124999999902,"failureMessages":[],"meta":{}},{"ancestorTitles":["AuthContext"],"fullName":"AuthContext should register a new user","status":"passed","title":"should register a new user","duration":7.131874999999809,"failureMessages":[],"meta":{}}],"startTime":1777914447574,"endTime":1777914447647.1318,"status":"passed","message":"","name":"/Users/renumacbook/Documents/Prabhu - Git/local-spot/client/src/__tests__/AuthContext.test.jsx"},{"assertionResults":[{"ancestorTitles":["AuthPage Role Redirects"],"fullName":"AuthPage Role Redirects should navigate to /dashboard for user role on login","status":"passed","title":"should navigate to /dashboard for user role on login","duration":161.0039999999999,"failureMessages":[],"meta":{}},{"ancestorTitles":["AuthPage Role Redirects"],"fullName":"AuthPage Role Redirects should navigate to /dashboard for reviewer role on login","status":"passed","title":"should navigate to /dashboard for reviewer role on login","duration":19.616874999999936,"failureMessages":[],"meta":{}},{"ancestorTitles":["AuthPage Role Redirects"],"fullName":"AuthPage Role Redirects should navigate to /owner/dashboard for owner role on login","status":"passed","title":"should navigate to /owner/dashboard for owner role on login","duration":24.68879199999992,"failureMessages":[],"meta":{}},{"ancestorTitles":["AuthPage Role Redirects"],"fullName":"AuthPage Role Redirects should navigate to /owner/dashboard for admin role on login","status":"failed","title":"should navigate to /owner/dashboard for admin role on login","duration":1019.7243330000001,"failureMessages":["AssertionError: expected \"spy\" to be called with arguments: [ '/owner/dashboard', …(1) ]\n\nReceived: \n\n  1st spy call:\n\n  Array [\n-   \"/owner/dashboard\",\n+   \"/admin\",\n    Object {\n      \"replace\": true,\n    },\n  ]\n\n\nNumber of calls: 1\n\n\nIgnored nodes: comments, script, style\n\u001b[36m<html>\u001b[39m\n  \u001b[36m<head />\u001b[39m\n  \u001b[36m<body>\u001b[39m\n    \u001b[36m<div>\u001b[39m\n      \u001b[36m<div\u001b[39m\n        \u001b[33mclass\u001b[39m=\u001b[32m\"auth-shell flex min-h-screen flex-col lg:flex-row\"\u001b[39m\n      \u001b[36m>\u001b[39m\n        \u001b[36m<aside\u001b[39m\n          \u001b[33mclass\u001b[39m=\u001b[32m\"relative flex flex-1 flex-col justify-between overflow-hidden bg-gradient-to-br from-slate-900 via-slate-800 to-slate-900 px-8 py-10 text-white lg:max-w-md lg:px-10\"\u001b[39m\n        \u001b[36m>\u001b[39m\n          \u001b[36m<div\u001b[39m\n            \u001b[33mclass\u001b[39m=\u001b[32m\"pointer-events-none absolute inset-0 opacity-40\"\u001b[39m\n          \u001b[36m>\u001b[39m\n            \u001b[36m<div\u001b[39m\n              \u001b[33mclass\u001b[39m=\u001b[32m\"absolute -left-20 top-20 h-72 w-72 rounded-full bg-brand blur-3xl\"\u001b[39m\n            \u001b[36m/>\u001b[39m\n            \u001b[36m<div\u001b[39m\n              \u001b[33mclass\u001b[39m=\u001b[32m\"absolute -right-10 bottom-10 h-64 w-64 rounded-full bg-brand-light/40 blur-3xl\"\u001b[39m\n            \u001b[36m/>\u001b[39m\n          \u001b[36m</div>\u001b[39m\n          \u001b[36m<div\u001b[39m\n            \u001b[33mclass\u001b[39m=\u001b[32m\"relative z-10\"\u001b[39m\n          \u001b[36m>\u001b[39m\n            \u001b[36m<div\u001b[39m\n              \u001b[33mclass\u001b[39m=\u001b[32m\"flex items-center gap-3\"\u001b[39m\n            \u001b[36m>\u001b[39m\n              \u001b[36m<div\u001b[39m\n                \u001b[33maria-hidden\u001b[39m=\u001b[32m\"true\"\u001b[39m\n                \u001b[33mclass\u001b[39m=\u001b[32m\"flex shrink-0 items-center justify-center rounded-xl bg-brand text-lg font-bold text-white shadow-md h-10 w-10\"\u001b[39m\n              \u001b[36m>\u001b[39m\n                \u001b[0mL\u001b[0m\n              \u001b[36m</div>\u001b[39m\n              \u001b[36m<div>\u001b[39m\n                \u001b[36m<p\u001b[39m\n                  \u001b[33mclass\u001b[39m=\u001b[32m\"text-xs font-semibold uppercase tracking-widest text-white/70\"\u001b[39m\n                \u001b[36m>\u001b[39m\n                  \u001b[0mLocal discovery\u001b[0m\n                \u001b[36m</p>\u001b[39m\n                \u001b[36m<p\u001b[39m\n                  \u001b[33mclass\u001b[39m=\u001b[32m\"text-xl font-bold tracking-tight\"\u001b[39m\n                \u001b[36m>\u001b[39m\n                  \u001b[0mLocalSpot\u001b[0m\n                \u001b[36m</p>\u001b[39m\n              \u001b[36m</div>\u001b[39m\n            \u001b[36m</div>\u001b[39m\n            \u001b[36m<h1\u001b[39m\n              \u001b[33mclass\u001b[39m=\u001b[32m\"mt-10 max-w-sm text-3xl font-bold leading-tight lg:text-4xl\"\u001b[39m\n            \u001b[36m>\u001b[39m\n              \u001b[0mFind great spots nearby—reviews you can trust.\u001b[0m\n            \u001b[36m</h1>\u001b[39m\n            \u001b[36m<p\u001b[39m\n              \u001b[33mclass\u001b[39m=\u001b[32m\"mt-4 max-w-sm text-sm leading-relaxed text-white/75\"\u001b[39m\n            \u001b[36m>\u001b[39m\n              \u001b[0mJoin the community. Save favorites, write reviews, and discover restaurants, nightlife, and more in your area.\u001b[0m\n            \u001b[36m</p>\u001b[39m\n          \u001b[36m</div>\u001b[39m\n          \u001b[36m<ul\u001b[39m\n            \u001b[33mclass\u001b[39m=\u001b[32m\"relative z-10 mt-10 grid gap-3 text-sm text-white/80 lg:mt-0\"\u001b[39m\n          \u001b[36m>\u001b[39m\n            \u001b[36m<li\u001b[39m\n              \u001b[33mclass\u001b[39m=\u001b[32m\"flex items-start gap-2\"\u001b[39m\n            \u001b[36m>\u001b[39m\n              \u001b[36m<span\u001b[39m\n                \u001b[33mclass\u001b[39m=\u001b[32m\"mt-0.5 inline-flex h-5 w-5 shrink-0 items-center justify-center rounded-full bg-white/15 text-xs\"\u001b[39m\n              \u001b[36m>\u001b[39m\n                \u001b[0m✓\u001b[0m\n              \u001b[36m</span>\u001b[39m\n              \u001b[0mReal ratings from locals\u001b[0m\n            \u001b[36m</li>\u001b[39m\n            \u001b[36m<li\u001b[39m\n              \u001b[33mclass\u001b[39m=\u001b[32m\"flex items-start gap-2\"\u001b[39m\n            \u001b[36m>\u001b[39m\n              \u001b[36m<span\u001b[39m\n                \u001b[33mclass\u001b[39m=\u001b[32m\"mt-0.5 inline-flex h-5 w-5 shrink-0 items-center justify-center rounded-full bg-white/15 text-xs\"\u001b[39m\n              \u001b[36m>\u001b[39m\n                \u001b[0m✓\u001b[0m\n              \u001b[36m</span>\u001b[39m\n              \u001b[0mSearch by neighborhood & category\u001b[0m\n            \u001b[36m</li>\u001b[39m\n          \u001b[36m</ul>\u001b[39m\n        \u001b[36m</aside>\u001b[39m\n        \u001b[36m<main\u001b[39m\n          \u001b[33mclass\u001b[39m=\u001b[32m\"flex flex-1 items-center justify-center px-4 py-10 sm:px-8\"\u001b[39m\n        \u001b[36m>\u001b[39m\n          \u001b[36m<div\u001b[39m\n            \u001b[33mclass\u001b[39m=\u001b[32m\"auth-glass w-full max-w-md rounded-2xl p-8 shadow-card\"\u001b[39m\n          \u001b[36m>\u001b[39m\n            \u001b[36m<div\u001b[39m\n              \u001b[33mclass\u001b[39m=\u001b[32m\"flex items-center justify-between gap-4\"\u001b[39m\n            \u001b[36m>\u001b[39m\n              \u001b[36m<div>\u001b[39m\n                \u001b[36m<h2\u001b[39m\n                  \u001b[33mclass\u001b[39m=\u001b[32m\"text-2xl font-bold tracking-tight text-slate-900\"\u001b[39m\n                \u001b[36m>\u001b[39m\n                  \u001b[0mWelcome back\u001b[0m\n                \u001b[36m</h2>\u001b[39m\n                \u001b[36m<p\u001b[39m\n                  \u001b[33mclass\u001b[39m=\u001b[32m\"mt-1 text-sm text-slate-500\"\u001b[39m\n                \u001b[36m>\u001b[39m\n                  \u001b[0mSign in to continue to your dashboard.\u001b[0m\n                \u001b[36m</p>\u001b[39m\n              \u001b[36m</div>\u001b[39m\n              \u001b[36m<div\u001b[39m\n                \u001b[33maria-hidden\u001b[39m=\u001b[32m\"true\"\u001b[39m\n                \u001b[33mclass\u001b[39m=\u001b[32m\"flex shrink-0 items-center justify-center rounded-xl bg-brand text-lg font-bold text-white shadow-md h-11 w-11 lg:hidden\"\u001b[39m\n              \u001b[36m>\u001b[39m\n                \u001b[0mL\u001b[0m\n              \u001b[36m</div>\u001b[39m\n            \u001b[36m</div>\u001b[39m\n            \u001b[36m<div\u001b[39m\n              \u001b[33mclass\u001b[39m=\u001b[32m\"mt-8 flex rounded-xl bg-slate-100 p-1\"\u001b[39m\n            \u001b[36m>\u001b[39m\n              \u001b[36m<button\u001b[39m\n                \u001b[33mclass\u001b[39m=\u001b[32m\"flex-1 rounded-lg py-2 text-sm font-semibold transition bg-white text-slate-900 shadow-sm\"\u001b[39m\n                \u001b[33mtype\u001b[39m=\u001b[32m\"button\"\u001b[39m\n              \u001b[36m>\u001b[39m\n                \u001b[0mSign in\u001b[0m\n              \u001b[36m</button>\u001b[39m\n              \u001b[36m<button\u001b[39m\n                \u001b[33mclass\u001b[39m=\u001b[32m\"flex-1 rounded-lg py-2 text-sm font-semibold transition text-slate-500 hover:text-slate-700\"\u001b[39m\n                \u001b[33mtype\u001b[39m=\u001b[32m\"button\"\u001b[39m\n              \u001b[36m>\u001b[39m\n                \u001b[0mRegister\u001b[0m\n              \u001b[36m</button>\u001b[39m\n            \u001b[36m</div>\u001b[39m\n            \u001b[36m<form\u001b[39m\n              \u001b[33mclass\u001b[39m=\u001b[32m\"mt-6 space-y-4\"\u001b[39m\n            \u001b[36m>\u001b[39m\n              \u001b[36m<div>\u001b[39m\n                \u001b[36m<label\u001b[39m\n                  \u001b[33mclass\u001b[39m=\u001b[32m\"mb-1.5 block text-xs font-semibold uppercase tracking-wide text-slate-500\"\u001b[39m\n                  \u001b[33mfor\u001b[39m=\u001b[32m\"email\"\u001b[39m\n                \u001b[36m>\u001b[39m\n                  \u001b[0mEmail\u001b[0m\n                \u001b[36m</label>\u001b[39m\n                \u001b[36m<input\u001b[39m\n                  \u001b[33mautocomplete\u001b[39m=\u001b[32m\"email\"\u001b[39m\n                  \u001b[33mclass\u001b[39m=\u001b[32m\"input-field\"\u001b[39m\n                  \u001b[33mid\u001b[39m=\u001b[32m\"email\"\u001b[39m\n                  \u001b[33mname\u001b[39m=\u001b[32m\"email\"\u001b[39m\n                  \u001b[33mplaceholder\u001b[39m=\u001b[32m\"you@example.com\"\u001b[39m\n                  \u001b[33mtype\u001b[39m=\u001b[32m\"email\"\u001b[39m\n                  \u001b[33mvalue\u001b[39m=\u001b[32m\"admin@test.com\"\u001b[39m\n                \u001b[36m/>\u001b[39m\n              \u001b[36m</div>\u001b[39m\n              \u001b[36m<div>\u001b[39m\n                \u001b[36m<label\u001b[39m\n                  \u001b[33mclass\u001b[39m=\u001b[32m\"mb-1.5 block text-xs font-semibold uppercase tracking-wide text-slate-500\"\u001b[39m\n                  \u001b[33mfor\u001b[39m=\u001b[32m\"password\"\u001b[39m\n                \u001b[36m>\u001b[39m\n                  \u001b[0mPassword\u001b[0m\n                \u001b[36m</label>\u001b[39m\n                \u001b[36m<input\u001b[39m\n                  \u001b[33mautocomplete\u001b[39m=\u001b[32m\"current-password\"\u001b[39m\n                  \u001b[33mclass\u001b[39m=\u001b[32m\"input-field\"\u001b[39m\n                  \u001b[33mid\u001b[39m=\u001b[32m\"password\"\u001b[39m\n                  \u001b[33mname\u001b[39m=\u001b[32m\"password\"\u001b[39m\n                  \u001b[33mplaceholder\u001b[39m=\u001b[32m\"••••••••\"\u001b[39m\n                  \u001b[33mtype\u001b[39m=\u001b[32m\"password\"\u001b[39m\n                  \u001b[33mvalue\u001b[39m=\u001b[32m\"password123\"\u001b[39m\n                \u001b[36m/>\u001b[39m\n              \u001b[36m</div>\u001b[39m\n              \u001b[36m<button\u001b[39m\n                \u001b[33mclass\u001b[39m=\u001b[32m\"btn-primary mt-2\"\u001b[39m\n                \u001b[33mtype\u001b[39m=\u001b[32m\"submit\"\u001b[39m\n              \u001b[36m>\u001b[39m\n                \u001b[0mSign in\u001b[0m\n              \u001b[36m</button>\u001b[39m\n            \u001b[36m</form>\u001b[39m\n            \u001b[36m<p\u001b[39m\n              \u001b[33mclass\u001b[39m=\u001b[32m\"mt-6 text-center text-sm text-slate-600\"\u001b[39m\n            \u001b[36m>\u001b[39m\n              \u001b[0mNew to LocalSpot?\u001b[0m\n              \u001b[0m \u001b[0m\n              \u001b[36m<button\u001b[39m\n                \u001b[33mclass\u001b[39m=\u001b[32m\"font-semibold text-brand hover:text-brand-dark\"\u001b[39m\n                \u001b[33mtype\u001b[39m=\u001b[32m\"button\"\u001b[39m\n              \u001b[36m>\u001b[39m\n                \u001b[0mCreate an account\u001b[0m\n              \u001b[36m</button>\u001b[39m\n            \u001b[36m</p>\u001b[39m\n          \u001b[36m</div>\u001b[39m\n        \u001b[36m</main>\u001b[39m\n      \u001b[36m</div>\u001b[39m\n    \u001b[36m</div>\u001b[39m\n  \u001b[36m</body>\u001b[39m\n\u001b[36m</html>\u001b[39m\n    at Proxy.<anonymous> (file:///Users/renumacbook/Documents/Prabhu%20-%20Git/local-spot/client/node_modules/@vitest/expect/dist/index.js:1465:13)\n    at Proxy.<anonymous> (file:///Users/renumacbook/Documents/Prabhu%20-%20Git/local-spot/client/node_modules/@vitest/expect/dist/index.js:972:17)\n    at Proxy.toHaveBeenCalledWith (file:///Users/renumacbook/Documents/Prabhu%20-%20Git/local-spot/client/node_modules/chai/index.js:1686:25)\n    at /Users/renumacbook/Documents/Prabhu - Git/local-spot/client/src/__tests__/AuthPage.test.jsx:127:28\n    at runWithExpensiveErrorDiagnosticsDisabled (/Users/renumacbook/Documents/Prabhu - Git/local-spot/client/node_modules/@testing-library/dom/dist/config.js:47:12)\n    at checkCallback (/Users/renumacbook/Documents/Prabhu - Git/local-spot/client/node_modules/@testing-library/dom/dist/wait-for.js:124:77)\n    at Timeout.checkRealTimersCallback (/Users/renumacbook/Documents/Prabhu - Git/local-spot/client/node_modules/@testing-library/dom/dist/wait-for.js:118:16)\n    at listOnTimeout (node:internal/timers:605:17)\n    at processTimers (node:internal/timers:541:7)"],"meta":{}}],"startTime":1777914447641,"endTime":1777914448866.7244,"status":"failed","message":"","name":"/Users/renumacbook/Documents/Prabhu - Git/local-spot/client/src/__tests__/AuthPage.test.jsx"},{"assertionResults":[{"ancestorTitles":["CrowdReportToggle"],"fullName":"CrowdReportToggle should render Quiet and Busy buttons","status":"failed","title":"should render Quiet and Busy buttons","duration":9.057833000000073,"failureMessages":["Error: useAuth must be used inside AuthProvider.\n    at Module.useAuth (/Users/renumacbook/Documents/Prabhu - Git/local-spot/client/src/contexts/AuthContext.jsx:124:23)\n    at CrowdReportToggle (/Users/renumacbook/Documents/Prabhu - Git/local-spot/client/src/components/CrowdReportToggle.jsx:24:20)\n    at Object.react_stack_bottom_frame (/Users/renumacbook/Documents/Prabhu - Git/local-spot/client/node_modules/react-dom/cjs/react-dom-client.development.js:25904:20)\n    at renderWithHooks (/Users/renumacbook/Documents/Prabhu - Git/local-spot/client/node_modules/react-dom/cjs/react-dom-client.development.js:7662:22)\n    at updateFunctionComponent (/Users/renumacbook/Documents/Prabhu - Git/local-spot/client/node_modules/react-dom/cjs/react-dom-client.development.js:10166:19)\n    at beginWork (/Users/renumacbook/Documents/Prabhu - Git/local-spot/client/node_modules/react-dom/cjs/react-dom-client.development.js:11778:18)\n    at runWithFiberInDEV (/Users/renumacbook/Documents/Prabhu - Git/local-spot/client/node_modules/react-dom/cjs/react-dom-client.development.js:874:13)\n    at performUnitOfWork (/Users/renumacbook/Documents/Prabhu - Git/local-spot/client/node_modules/react-dom/cjs/react-dom-client.development.js:17641:22)\n    at workLoopSync (/Users/renumacbook/Documents/Prabhu - Git/local-spot/client/node_modules/react-dom/cjs/react-dom-client.development.js:17469:41)\n    at renderRootSync (/Users/renumacbook/Documents/Prabhu - Git/local-spot/client/node_modules/react-dom/cjs/react-dom-client.development.js:17450:11)"],"meta":{}},{"ancestorTitles":["CrowdReportToggle"],"fullName":"CrowdReportToggle should call submitCrowdReport on click","status":"failed","title":"should call submitCrowdReport on click","duration":0.8076670000000377,"failureMessages":["Error: useAuth must be used inside AuthProvider.\n    at Module.useAuth (/Users/renumacbook/Documents/Prabhu - Git/local-spot/client/src/contexts/AuthContext.jsx:124:23)\n    at CrowdReportToggle (/Users/renumacbook/Documents/Prabhu - Git/local-spot/client/src/components/CrowdReportToggle.jsx:24:20)\n    at Object.react_stack_bottom_frame (/Users/renumacbook/Documents/Prabhu - Git/local-spot/client/node_modules/react-dom/cjs/react-dom-client.development.js:25904:20)\n    at renderWithHooks (/Users/renumacbook/Documents/Prabhu - Git/local-spot/client/node_modules/react-dom/cjs/react-dom-client.development.js:7662:22)\n    at updateFunctionComponent (/Users/renumacbook/Documents/Prabhu - Git/local-spot/client/node_modules/react-dom/cjs/react-dom-client.development.js:10166:19)\n    at beginWork (/Users/renumacbook/Documents/Prabhu - Git/local-spot/client/node_modules/react-dom/cjs/react-dom-client.development.js:11778:18)\n    at runWithFiberInDEV (/Users/renumacbook/Documents/Prabhu - Git/local-spot/client/node_modules/react-dom/cjs/react-dom-client.development.js:874:13)\n    at performUnitOfWork (/Users/renumacbook/Documents/Prabhu - Git/local-spot/client/node_modules/react-dom/cjs/react-dom-client.development.js:17641:22)\n    at workLoopSync (/Users/renumacbook/Documents/Prabhu - Git/local-spot/client/node_modules/react-dom/cjs/react-dom-client.development.js:17469:41)\n    at renderRootSync (/Users/renumacbook/Documents/Prabhu - Git/local-spot/client/node_modules/react-dom/cjs/react-dom-client.development.js:17450:11)"],"meta":{}}],"startTime":1777914448114,"endTime":1777914448123.8076,"status":"failed","message":"","name":"/Users/renumacbook/Documents/Prabhu - Git/local-spot/client/src/__tests__/CrowdReportToggle.test.jsx"},{"assertionResults":[{"ancestorTitles":["DashboardPage"],"fullName":"DashboardPage should render header with user info","status":"passed","title":"should render header with user info","duration":46.62824999999998,"failureMessages":[],"meta":{}},{"ancestorTitles":["DashboardPage"],"fullName":"DashboardPage should fetch and display venues based on geolocation","status":"failed","title":"should fetch and display venues based on geolocation","duration":3010.496333,"failureMessages":["Error: Unable to find an element with the text: 1.2 km. This could be because the text is broken up by multiple elements. In this case, you can provide a function for your text matcher to make your matcher more flexible.\n\nIgnored nodes: comments, script, style\n\u001b[36m<body>\u001b[39m\n  \u001b[36m<div>\u001b[39m\n    \u001b[36m<div\u001b[39m\n      \u001b[33mclass\u001b[39m=\u001b[32m\"min-h-screen bg-slate-100\"\u001b[39m\n    \u001b[36m>\u001b[39m\n      \u001b[36m<header\u001b[39m\n        \u001b[33mclass\u001b[39m=\u001b[32m\"sticky top-0 z-40 border-b border-slate-200 bg-white shadow-sm\"\u001b[39m\n      \u001b[36m>\u001b[39m\n        \u001b[36m<div\u001b[39m\n          \u001b[33mclass\u001b[39m=\u001b[32m\"mx-auto flex max-w-7xl flex-col gap-3 px-4 py-3 sm:flex-row sm:items-center sm:justify-between sm:gap-4\"\u001b[39m\n        \u001b[36m>\u001b[39m\n          \u001b[36m<div\u001b[39m\n            \u001b[33mclass\u001b[39m=\u001b[32m\"flex items-center gap-3\"\u001b[39m\n          \u001b[36m>\u001b[39m\n            \u001b[36m<div\u001b[39m\n              \u001b[33mclass\u001b[39m=\u001b[32m\"flex h-10 w-10 shrink-0 items-center justify-center rounded-lg bg-brand text-lg font-bold text-white shadow\"\u001b[39m\n            \u001b[36m>\u001b[39m\n              \u001b[0mL\u001b[0m\n            \u001b[36m</div>\u001b[39m\n            \u001b[36m<div\u001b[39m\n              \u001b[33mclass\u001b[39m=\u001b[32m\"hidden sm:block\"\u001b[39m\n            \u001b[36m>\u001b[39m\n              \u001b[36m<p\u001b[39m\n                \u001b[33mclass\u001b[39m=\u001b[32m\"text-lg font-bold tracking-tight text-slate-900\"\u001b[39m\n              \u001b[36m>\u001b[39m\n                \u001b[0mLocalSpot\u001b[0m\n              \u001b[36m</p>\u001b[39m\n              \u001b[36m<p\u001b[39m\n                \u001b[33mclass\u001b[39m=\u001b[32m\"text-xs text-slate-500\"\u001b[39m\n              \u001b[36m>\u001b[39m\n                \u001b[0mDiscover local favorites\u001b[0m\n              \u001b[36m</p>\u001b[39m\n            \u001b[36m</div>\u001b[39m\n          \u001b[36m</div>\u001b[39m\n          \u001b[36m<div\u001b[39m\n            \u001b[33mclass\u001b[39m=\u001b[32m\"flex min-w-0 flex-1 flex-col gap-2 sm:flex-row sm:items-stretch\"\u001b[39m\n          \u001b[36m>\u001b[39m\n            \u001b[36m<div\u001b[39m\n              \u001b[33mclass\u001b[39m=\u001b[32m\"relative min-w-0 flex-1\"\u001b[39m\n            \u001b[36m>\u001b[39m\n              \u001b[36m<span\u001b[39m\n                \u001b[33maria-hidden\u001b[39m=\u001b[32m\"true\"\u001b[39m\n                \u001b[33mclass\u001b[39m=\u001b[32m\"pointer-events-none absolute left-3 top-1/2 -translate-y-1/2 text-slate-400\"\u001b[39m\n              \u001b[36m>\u001b[39m\n                \u001b[36m<svg\u001b[39m\n                  \u001b[33mclass\u001b[39m=\u001b[32m\"h-4 w-4\"\u001b[39m\n                  \u001b[33mfill\u001b[39m=\u001b[32m\"none\"\u001b[39m\n                  \u001b[33mstroke\u001b[39m=\u001b[32m\"currentColor\"\u001b[39m\n                  \u001b[33mviewBox\u001b[39m=\u001b[32m\"0 0 24 24\"\u001b[39m\n                \u001b[36m>\u001b[39m\n                  \u001b[36m<path\u001b[39m\n                    \u001b[33md\u001b[39m=\u001b[32m\"M21 21l-6-6m2-5a7 7 0 11-14 0 7 7 0 0114 0z\"\u001b[39m\n                    \u001b[33mstroke-linecap\u001b[39m=\u001b[32m\"round\"\u001b[39m\n                    \u001b[33mstroke-linejoin\u001b[39m=\u001b[32m\"round\"\u001b[39m\n                    \u001b[33mstroke-width\u001b[39m=\u001b[32m\"2\"\u001b[39m\n                  \u001b[36m/>\u001b[39m\n                \u001b[36m</svg>\u001b[39m\n              \u001b[36m</span>\u001b[39m\n              \u001b[36m<input\u001b[39m\n                \u001b[33mclass\u001b[39m=\u001b[32m\"w-full rounded-lg border border-slate-200 bg-slate-50 py-2.5 pl-9 pr-3 text-sm text-slate-900 placeholder:text-slate-400 focus:border-brand focus:bg-white focus:outline-none focus:ring-2 focus:ring-brand/20\"\u001b[39m\n                \u001b[33mplaceholder\u001b[39m=\u001b[32m\"Search restaurants\"\u001b[39m\n                \u001b[33mtype\u001b[39m=\u001b[32m\"search\"\u001b[39m\n                \u001b[33mvalue\u001b[39m=\u001b[32m\"\"\u001b[39m\n              \u001b[36m/>\u001b[39m\n            \u001b[36m</div>\u001b[39m\n            \u001b[36m<div\u001b[39m\n              \u001b[33mclass\u001b[39m=\u001b[32m\"relative min-w-0 flex-1 sm:max-w-xs\"\u001b[39m\n            \u001b[36m>\u001b[39m\n              \u001b[36m<span\u001b[39m\n                \u001b[33maria-hidden\u001b[39m=\u001b[32m\"true\"\u001b[39m\n                \u001b[33mclass\u001b[39m=\u001b[32m\"pointer-events-none absolute left-3 top-1/2 -translate-y-1/2 text-slate-400\"\u001b[39m\n              \u001b[36m>\u001b[39m\n                \u001b[36m<svg\u001b[39m\n                  \u001b[33mclass\u001b[39m=\u001b[32m\"h-4 w-4\"\u001b[39m\n                  \u001b[33mfill\u001b[39m=\u001b[32m\"none\"\u001b[39m\n                  \u001b[33mstroke\u001b[39m=\u001b[32m\"currentColor\"\u001b[39m\n                  \u001b[33mviewBox\u001b[39m=\u001b[32m\"0 0 24 24\"\u001b[39m\n                \u001b[36m>\u001b[39m\n                  \u001b[36m<path\u001b[39m\n                    \u001b[33md\u001b[39m=\u001b[32m\"M17.657 16.657L13.414 20.9a1.998 1.998 0 01-2.827 0l-4.244-4.243a8 8 0 1111.314 0z\"\u001b[39m\n                    \u001b[33mstroke-linecap\u001b[39m=\u001b[32m\"round\"\u001b[39m\n                    \u001b[33mstroke-linejoin\u001b[39m=\u001b[32m\"round\"\u001b[39m\n                    \u001b[33mstroke-width\u001b[39m=\u001b[32m\"2\"\u001b[39m\n                  \u001b[36m/>\u001b[39m\n                  \u001b[36m<path\u001b[39m\n                    \u001b[33md\u001b[39m=\u001b[32m\"M15 11a3 3 0 11-6 0 3 3 0 016 0z\"\u001b[39m\n                    \u001b[33mstroke-linecap\u001b[39m=\u001b[32m\"round\"\u001b[39m\n                    \u001b[33mstroke-linejoin\u001b[39m=\u001b[32m\"round\"\u001b[39m\n                    \u001b[33mstroke-width\u001b[39m=\u001b[32m\"2\"\u001b[39m\n                  \u001b[36m/>\u001b[39m\n                \u001b[36m</svg>\u001b[39m\n              \u001b[36m</span>\u001b[39m\n              \u001b[36m<input\u001b[39m\n                \u001b[33mclass\u001b[39m=\u001b[32m\"w-full rounded-lg border border-slate-200 bg-slate-50 py-2.5 pl-9 pr-3 text-sm text-slate-900 placeholder:text-slate-400 focus:border-brand focus:bg-white focus:outline-none focus:ring-2 focus:ring-brand/20\"\u001b[39m\n                \u001b[33mplaceholder\u001b[39m=\u001b[32m\"City, neighborhood, or ZIP\"\u001b[39m\n                \u001b[33mtype\u001b[39m=\u001b[32m\"text\"\u001b[39m\n                \u001b[33mvalue\u001b[39m=\u001b[32m\"New York\"\u001b[39m\n              \u001b[36m/>\u001b[39m\n            \u001b[36m</div>\u001b[39m\n            \u001b[36m<button\u001b[39m\n              \u001b[33mclass\u001b[39m=\u001b[32m\"shrink-0 rounded-lg bg-brand px-5 py-2.5 text-sm font-semibold text-white shadow hover:bg-brand-dark focus:outline-none focus:ring-2 focus:ring-brand/40 disabled:opacity-60\"\u001b[39m\n              \u001b[33mtype\u001b[39m=\u001b[32m\"button\"\u001b[39m\n            \u001b[36m>\u001b[39m\n              \u001b[0mSearch\u001b[0m\n            \u001b[36m</button>\u001b[39m\n            \u001b[36m<button\u001b[39m\n              \u001b[33mclass\u001b[39m=\u001b[32m\"shrink-0 rounded-lg border border-slate-200 bg-white px-4 py-2.5 text-sm font-semibold text-slate-800 shadow-sm hover:bg-slate-50 disabled:opacity-60\"\u001b[39m\n              \u001b[33mtype\u001b[39m=\u001b[32m\"button\"\u001b[39m\n            \u001b[36m>\u001b[39m\n              \u001b[0mUse my location\u001b[0m\n            \u001b[36m</button>\u001b[39m\n          \u001b[36m</div>\u001b[39m\n          \u001b[36m<div\u001b[39m\n            \u001b[33mclass\u001b[39m=\u001b[32m\"flex items-center justify-between gap-3 sm:justify-end\"\u001b[39m\n          \u001b[36m>\u001b[39m\n            \u001b[36m<button\u001b[39m\n              \u001b[33maria-label\u001b[39m=\u001b[32m\"Notifications\"\u001b[39m\n              \u001b[33mclass\u001b[39m=\u001b[32m\"hidden rounded-full border border-slate-200 p-2 text-slate-600 hover:bg-slate-50 md:inline-flex\"\u001b[39m\n              \u001b[33mtype\u001b[39m=\u001b[32m\"button\"\u001b[39m\n            \u001b[36m>\u001b[39m\n              \u001b[36m<svg\u001b[39m\n                \u001b[33mclass\u001b[39m=\u001b[32m\"h-5 w-5\"\u001b[39m\n                \u001b[33mfill\u001b[39m=\u001b[32m\"none\"\u001b[39m\n                \u001b[33mstroke\u001b[39m=\u001b[32m\"currentColor\"\u001b[39m\n                \u001b[33mviewBox\u001b[39m=\u001b[32m\"0 0 24 24\"\u001b[39m\n              \u001b[36m>\u001b[39m\n                \u001b[36m<path\u001b[39m\n                  \u001b[33md\u001b[39m=\u001b[32m\"M15 17h5l-1.405-1.405A2.032 2.032 0 0118 14.158V11a6.002 6.002 0 00-4-5.659V5a2 2 0 10-4 0v.341C7.67 6.165 6 8.388 6 11v3.159c0 .538-.214 1.055-.595 1.436L4 17h5m6 0v1a3 3 0 11-6 0v-1m6 0H9\"\u001b[39m\n                  \u001b[33mstroke-linecap\u001b[39m=\u001b[32m\"round\"\u001b[39m\n                  \u001b[33mstroke-linejoin\u001b[39m=\u001b[32m\"round\"\u001b[39m\n                  \u001b[33mstroke-width\u001b[39m=\u001b[32m\"2\"\u001b[39m\n                \u001b[36m/>\u001b[39m\n              \u001b[36m</svg>\u001b[39m\n            \u001b[36m...\n    at Proxy.waitFor (/Users/renumacbook/Documents/Prabhu - Git/local-spot/client/node_modules/@testing-library/dom/dist/wait-for.js:163:27)\n    at /Users/renumacbook/Documents/Prabhu - Git/local-spot/client/src/__tests__/DashboardPage.test.jsx:135:11\n    at file:///Users/renumacbook/Documents/Prabhu%20-%20Git/local-spot/client/node_modules/@vitest/runner/dist/index.js:533:5\n    at runTest (file:///Users/renumacbook/Documents/Prabhu%20-%20Git/local-spot/client/node_modules/@vitest/runner/dist/index.js:1056:11)\n    at runSuite (file:///Users/renumacbook/Documents/Prabhu%20-%20Git/local-spot/client/node_modules/@vitest/runner/dist/index.js:1205:15)\n    at runSuite (file:///Users/renumacbook/Documents/Prabhu%20-%20Git/local-spot/client/node_modules/@vitest/runner/dist/index.js:1205:15)\n    at runFiles (file:///Users/renumacbook/Documents/Prabhu%20-%20Git/local-spot/client/node_modules/@vitest/runner/dist/index.js:1262:5)\n    at startTests (file:///Users/renumacbook/Documents/Prabhu%20-%20Git/local-spot/client/node_modules/@vitest/runner/dist/index.js:1271:3)\n    at file:///Users/renumacbook/Documents/Prabhu%20-%20Git/local-spot/client/node_modules/vitest/dist/chunks/runBaseTests.3qpJUEJM.js:126:11\n    at withEnv (file:///Users/renumacbook/Documents/Prabhu%20-%20Git/local-spot/client/node_modules/vitest/dist/chunks/runBaseTests.3qpJUEJM.js:90:5)"],"meta":{}},{"ancestorTitles":["DashboardPage"],"fullName":"DashboardPage should call logout when log out button is clicked","status":"passed","title":"should call logout when log out button is clicked","duration":9.615082999999686,"failureMessages":[],"meta":{}}],"startTime":1777914447740,"endTime":1777914450806.615,"status":"failed","message":"","name":"/Users/renumacbook/Documents/Prabhu - Git/local-spot/client/src/__tests__/DashboardPage.test.jsx"},{"assertionResults":[{"ancestorTitles":["PhotoUpload"],"fullName":"PhotoUpload should render upload button initially","status":"pending","title":"should render upload button initially","failureMessages":[],"meta":{}},{"ancestorTitles":["PhotoUpload"],"fullName":"PhotoUpload should display error if file type is invalid","status":"pending","title":"should display error if file type is invalid","failureMessages":[],"meta":{}},{"ancestorTitles":["PhotoUpload"],"fullName":"PhotoUpload should upload file successfully","status":"pending","title":"should upload file successfully","failureMessages":[],"meta":{}},{"ancestorTitles":["PhotoUpload"],"fullName":"PhotoUpload should allow removing a photo","status":"pending","title":"should allow removing a photo","failureMessages":[],"meta":{}}],"startTime":1777914446387,"endTime":1777914446387,"status":"passed","message":"","name":"/Users/renumacbook/Documents/Prabhu - Git/local-spot/client/src/__tests__/PhotoUpload.test.jsx"},{"assertionResults":[{"ancestorTitles":["ReviewForm"],"fullName":"ReviewForm should render correctly","status":"passed","title":"should render correctly","duration":55.15733300000011,"failureMessages":[],"meta":{}},{"ancestorTitles":["ReviewForm"],"fullName":"ReviewForm should show an error if submitted without a rating","status":"passed","title":"should show an error if submitted without a rating","duration":21.549958999999944,"failureMessages":[],"meta":{}},{"ancestorTitles":["ReviewForm"],"fullName":"ReviewForm should submit successfully when form is valid","status":"passed","title":"should submit successfully when form is valid","duration":125.11208299999998,"failureMessages":[],"meta":{}}],"startTime":1777914447648,"endTime":1777914447849.112,"status":"passed","message":"","name":"/Users/renumacbook/Documents/Prabhu - Git/local-spot/client/src/__tests__/ReviewForm.test.jsx"},{"assertionResults":[{"ancestorTitles":["Trust Score Badge in DashboardPage header"],"fullName":"Trust Score Badge in DashboardPage header displays trust score badge with positive score for active user","status":"failed","title":"displays trust score badge with positive score for active user","duration":1049.838834,"failureMessages":["AssertionError: expected null to be truthy\n\nIgnored nodes: comments, script, style\n\u001b[36m<html>\u001b[39m\n  \u001b[36m<head />\u001b[39m\n  \u001b[36m<body>\u001b[39m\n    \u001b[36m<div>\u001b[39m\n      \u001b[36m<div\u001b[39m\n        \u001b[33mclass\u001b[39m=\u001b[32m\"min-h-screen bg-slate-100\"\u001b[39m\n      \u001b[36m>\u001b[39m\n        \u001b[36m<header\u001b[39m\n          \u001b[33mclass\u001b[39m=\u001b[32m\"sticky top-0 z-40 border-b border-slate-200 bg-white shadow-sm\"\u001b[39m\n        \u001b[36m>\u001b[39m\n          \u001b[36m<div\u001b[39m\n            \u001b[33mclass\u001b[39m=\u001b[32m\"mx-auto flex max-w-7xl flex-col gap-3 px-4 py-3 sm:flex-row sm:items-center sm:justify-between sm:gap-4\"\u001b[39m\n          \u001b[36m>\u001b[39m\n            \u001b[36m<div\u001b[39m\n              \u001b[33mclass\u001b[39m=\u001b[32m\"flex items-center gap-3\"\u001b[39m\n            \u001b[36m>\u001b[39m\n              \u001b[36m<div\u001b[39m\n                \u001b[33mclass\u001b[39m=\u001b[32m\"flex h-10 w-10 shrink-0 items-center justify-center rounded-lg bg-brand text-lg font-bold text-white shadow\"\u001b[39m\n              \u001b[36m>\u001b[39m\n                \u001b[0mL\u001b[0m\n              \u001b[36m</div>\u001b[39m\n              \u001b[36m<div\u001b[39m\n                \u001b[33mclass\u001b[39m=\u001b[32m\"hidden sm:block\"\u001b[39m\n              \u001b[36m>\u001b[39m\n                \u001b[36m<p\u001b[39m\n                  \u001b[33mclass\u001b[39m=\u001b[32m\"text-lg font-bold tracking-tight text-slate-900\"\u001b[39m\n                \u001b[36m>\u001b[39m\n                  \u001b[0mLocalSpot\u001b[0m\n                \u001b[36m</p>\u001b[39m\n                \u001b[36m<p\u001b[39m\n                  \u001b[33mclass\u001b[39m=\u001b[32m\"text-xs text-slate-500\"\u001b[39m\n                \u001b[36m>\u001b[39m\n                  \u001b[0mDiscover local favorites\u001b[0m\n                \u001b[36m</p>\u001b[39m\n              \u001b[36m</div>\u001b[39m\n            \u001b[36m</div>\u001b[39m\n            \u001b[36m<div\u001b[39m\n              \u001b[33mclass\u001b[39m=\u001b[32m\"flex min-w-0 flex-1 flex-col gap-2 sm:flex-row sm:items-stretch\"\u001b[39m\n            \u001b[36m>\u001b[39m\n              \u001b[36m<div\u001b[39m\n                \u001b[33mclass\u001b[39m=\u001b[32m\"relative min-w-0 flex-1\"\u001b[39m\n              \u001b[36m>\u001b[39m\n                \u001b[36m<span\u001b[39m\n                  \u001b[33maria-hidden\u001b[39m=\u001b[32m\"true\"\u001b[39m\n                  \u001b[33mclass\u001b[39m=\u001b[32m\"pointer-events-none absolute left-3 top-1/2 -translate-y-1/2 text-slate-400\"\u001b[39m\n                \u001b[36m>\u001b[39m\n                  \u001b[36m<svg\u001b[39m\n                    \u001b[33mclass\u001b[39m=\u001b[32m\"h-4 w-4\"\u001b[39m\n                    \u001b[33mfill\u001b[39m=\u001b[32m\"none\"\u001b[39m\n                    \u001b[33mstroke\u001b[39m=\u001b[32m\"currentColor\"\u001b[39m\n                    \u001b[33mviewBox\u001b[39m=\u001b[32m\"0 0 24 24\"\u001b[39m\n                  \u001b[36m>\u001b[39m\n                    \u001b[36m<path\u001b[39m\n                      \u001b[33md\u001b[39m=\u001b[32m\"M21 21l-6-6m2-5a7 7 0 11-14 0 7 7 0 0114 0z\"\u001b[39m\n                      \u001b[33mstroke-linecap\u001b[39m=\u001b[32m\"round\"\u001b[39m\n                      \u001b[33mstroke-linejoin\u001b[39m=\u001b[32m\"round\"\u001b[39m\n                      \u001b[33mstroke-width\u001b[39m=\u001b[32m\"2\"\u001b[39m\n                    \u001b[36m/>\u001b[39m\n                  \u001b[36m</svg>\u001b[39m\n                \u001b[36m</span>\u001b[39m\n                \u001b[36m<input\u001b[39m\n                  \u001b[33mclass\u001b[39m=\u001b[32m\"w-full rounded-lg border border-slate-200 bg-slate-50 py-2.5 pl-9 pr-3 text-sm text-slate-900 placeholder:text-slate-400 focus:border-brand focus:bg-white focus:outline-none focus:ring-2 focus:ring-brand/20\"\u001b[39m\n                  \u001b[33mplaceholder\u001b[39m=\u001b[32m\"Search restaurants\"\u001b[39m\n                  \u001b[33mtype\u001b[39m=\u001b[32m\"search\"\u001b[39m\n                  \u001b[33mvalue\u001b[39m=\u001b[32m\"\"\u001b[39m\n                \u001b[36m/>\u001b[39m\n              \u001b[36m</div>\u001b[39m\n              \u001b[36m<div\u001b[39m\n                \u001b[33mclass\u001b[39m=\u001b[32m\"relative min-w-0 flex-1 sm:max-w-xs\"\u001b[39m\n              \u001b[36m>\u001b[39m\n                \u001b[36m<span\u001b[39m\n                  \u001b[33maria-hidden\u001b[39m=\u001b[32m\"true\"\u001b[39m\n                  \u001b[33mclass\u001b[39m=\u001b[32m\"pointer-events-none absolute left-3 top-1/2 -translate-y-1/2 text-slate-400\"\u001b[39m\n                \u001b[36m>\u001b[39m\n                  \u001b[36m<svg\u001b[39m\n                    \u001b[33mclass\u001b[39m=\u001b[32m\"h-4 w-4\"\u001b[39m\n                    \u001b[33mfill\u001b[39m=\u001b[32m\"none\"\u001b[39m\n                    \u001b[33mstroke\u001b[39m=\u001b[32m\"currentColor\"\u001b[39m\n                    \u001b[33mviewBox\u001b[39m=\u001b[32m\"0 0 24 24\"\u001b[39m\n                  \u001b[36m>\u001b[39m\n                    \u001b[36m<path\u001b[39m\n                      \u001b[33md\u001b[39m=\u001b[32m\"M17.657 16.657L13.414 20.9a1.998 1.998 0 01-2.827 0l-4.244-4.243a8 8 0 1111.314 0z\"\u001b[39m\n                      \u001b[33mstroke-linecap\u001b[39m=\u001b[32m\"round\"\u001b[39m\n                      \u001b[33mstroke-linejoin\u001b[39m=\u001b[32m\"round\"\u001b[39m\n                      \u001b[33mstroke-width\u001b[39m=\u001b[32m\"2\"\u001b[39m\n                    \u001b[36m/>\u001b[39m\n                    \u001b[36m<path\u001b[39m\n                      \u001b[33md\u001b[39m=\u001b[32m\"M15 11a3 3 0 11-6 0 3 3 0 016 0z\"\u001b[39m\n                      \u001b[33mstroke-linecap\u001b[39m=\u001b[32m\"round\"\u001b[39m\n                      \u001b[33mstroke-linejoin\u001b[39m=\u001b[32m\"round\"\u001b[39m\n                      \u001b[33mstroke-width\u001b[39m=\u001b[32m\"2\"\u001b[39m\n                    \u001b[36m/>\u001b[39m\n                  \u001b[36m</svg>\u001b[39m\n                \u001b[36m</span>\u001b[39m\n                \u001b[36m<input\u001b[39m\n                  \u001b[33mclass\u001b[39m=\u001b[32m\"w-full rounded-lg border border-slate-200 bg-slate-50 py-2.5 pl-9 pr-3 text-sm text-slate-900 placeholder:text-slate-400 focus:border-brand focus:bg-white focus:outline-none focus:ring-2 focus:ring-brand/20\"\u001b[39m\n                  \u001b[33mplaceholder\u001b[39m=\u001b[32m\"City, neighborhood, or ZIP\"\u001b[39m\n                  \u001b[33mtype\u001b[39m=\u001b[32m\"text\"\u001b[39m\n                  \u001b[33mvalue\u001b[39m=\u001b[32m\"\"\u001b[39m\n                \u001b[36m/>\u001b[39m\n              \u001b[36m</div>\u001b[39m\n              \u001b[36m<button\u001b[39m\n                \u001b[33mclass\u001b[39m=\u001b[32m\"shrink-0 rounded-lg bg-brand px-5 py-2.5 text-sm font-semibold text-white shadow hover:bg-brand-dark focus:outline-none focus:ring-2 focus:ring-brand/40 disabled:opacity-60\"\u001b[39m\n                \u001b[33mtype\u001b[39m=\u001b[32m\"button\"\u001b[39m\n              \u001b[36m>\u001b[39m\n                \u001b[0mSearch\u001b[0m\n              \u001b[36m</button>\u001b[39m\n              \u001b[36m<button\u001b[39m\n                \u001b[33mclass\u001b[39m=\u001b[32m\"shrink-0 rounded-lg border border-slate-200 bg-white px-4 py-2.5 text-sm font-semibold text-slate-800 shadow-sm hover:bg-slate-50 disabled:opacity-60\"\u001b[39m\n                \u001b[33mtype\u001b[39m=\u001b[32m\"button\"\u001b[39m\n              \u001b[36m>\u001b[39m\n                \u001b[0mUse my location\u001b[0m\n              \u001b[36m</button>\u001b[39m\n            \u001b[36m</div>\u001b[39m\n            \u001b[36m<div\u001b[39m\n              \u001b[33mclass\u001b[39m=\u001b[32m\"flex items-center justify-between gap-3 sm:justify-end\"\u001b[39m\n            \u001b[36m>\u001b[39m\n              \u001b[36m<button\u001b[39m\n                \u001b[33maria-label\u001b[39m=\u001b[32m\"Notifications\"\u001b[39m\n                \u001b[33mclass\u001b[39m=\u001b[32m\"hidden rounded-full border border-slate-200 p-2 text-slate-600 hover:bg-slate-50 md:inline-flex\"\u001b[39m\n                \u001b[33mtype\u001b[39m=\u001b[32m\"button\"\u001b[39m\n              \u001b[36m>\u001b[39m\n                \u001b[36m<svg\u001b[39m\n                  \u001b[33mclass\u001b[39m=\u001b[32m\"h-5 w-5\"\u001b[39m\n                  \u001b[33mfill\u001b[39m=\u001b[32m\"none\"\u001b[39m\n                  \u001b[33mstroke\u001b[39m=\u001b[32m\"currentColor\"\u001b[39m\n                  \u001b[33mviewBox\u001b[39m=\u001b[32m\"0 0 24 24\"\u001b[39m\n                \u001b[36m>\u001b[39m\n                  \u001b[36m<path\u001b[39m\n                    \u001b[33md\u001b[39m=\u001b[32m\"M15 17h5l-1.405-1.405A2.032 2.032 0 0118 14.158V11a6.002 6.002 0 00-4-5.659V5a2 2 0 10-4 0v.341C7.67 6.165 6 8.388 6 11v3.159c0 .538-.214 1.055-.595 1.436L4 17h5m6 0...\n    at /Users/renumacbook/Documents/Prabhu - Git/local-spot/client/src/__tests__/TrustBadge.test.jsx:95:23\n    at runWithExpensiveErrorDiagnosticsDisabled (/Users/renumacbook/Documents/Prabhu - Git/local-spot/client/node_modules/@testing-library/dom/dist/config.js:47:12)\n    at checkCallback (/Users/renumacbook/Documents/Prabhu - Git/local-spot/client/node_modules/@testing-library/dom/dist/wait-for.js:124:77)\n    at Timeout.checkRealTimersCallback (/Users/renumacbook/Documents/Prabhu - Git/local-spot/client/node_modules/@testing-library/dom/dist/wait-for.js:118:16)\n    at listOnTimeout (node:internal/timers:605:17)\n    at processTimers (node:internal/timers:541:7)"],"meta":{}},{"ancestorTitles":["Trust Score Badge in DashboardPage header"],"fullName":"Trust Score Badge in DashboardPage header displays trust score badge with negative score in red","status":"failed","title":"displays trust score badge with negative score in red","duration":1008.0825,"failureMessages":["AssertionError: expected null to be truthy\n\nIgnored nodes: comments, script, style\n\u001b[36m<html>\u001b[39m\n  \u001b[36m<head />\u001b[39m\n  \u001b[36m<body>\u001b[39m\n    \u001b[36m<div>\u001b[39m\n      \u001b[36m<div\u001b[39m\n        \u001b[33mclass\u001b[39m=\u001b[32m\"min-h-screen bg-slate-100\"\u001b[39m\n      \u001b[36m>\u001b[39m\n        \u001b[36m<header\u001b[39m\n          \u001b[33mclass\u001b[39m=\u001b[32m\"sticky top-0 z-40 border-b border-slate-200 bg-white shadow-sm\"\u001b[39m\n        \u001b[36m>\u001b[39m\n          \u001b[36m<div\u001b[39m\n            \u001b[33mclass\u001b[39m=\u001b[32m\"mx-auto flex max-w-7xl flex-col gap-3 px-4 py-3 sm:flex-row sm:items-center sm:justify-between sm:gap-4\"\u001b[39m\n          \u001b[36m>\u001b[39m\n            \u001b[36m<div\u001b[39m\n              \u001b[33mclass\u001b[39m=\u001b[32m\"flex items-center gap-3\"\u001b[39m\n            \u001b[36m>\u001b[39m\n              \u001b[36m<div\u001b[39m\n                \u001b[33mclass\u001b[39m=\u001b[32m\"flex h-10 w-10 shrink-0 items-center justify-center rounded-lg bg-brand text-lg font-bold text-white shadow\"\u001b[39m\n              \u001b[36m>\u001b[39m\n                \u001b[0mL\u001b[0m\n              \u001b[36m</div>\u001b[39m\n              \u001b[36m<div\u001b[39m\n                \u001b[33mclass\u001b[39m=\u001b[32m\"hidden sm:block\"\u001b[39m\n              \u001b[36m>\u001b[39m\n                \u001b[36m<p\u001b[39m\n                  \u001b[33mclass\u001b[39m=\u001b[32m\"text-lg font-bold tracking-tight text-slate-900\"\u001b[39m\n                \u001b[36m>\u001b[39m\n                  \u001b[0mLocalSpot\u001b[0m\n                \u001b[36m</p>\u001b[39m\n                \u001b[36m<p\u001b[39m\n                  \u001b[33mclass\u001b[39m=\u001b[32m\"text-xs text-slate-500\"\u001b[39m\n                \u001b[36m>\u001b[39m\n                  \u001b[0mDiscover local favorites\u001b[0m\n                \u001b[36m</p>\u001b[39m\n              \u001b[36m</div>\u001b[39m\n            \u001b[36m</div>\u001b[39m\n            \u001b[36m<div\u001b[39m\n              \u001b[33mclass\u001b[39m=\u001b[32m\"flex min-w-0 flex-1 flex-col gap-2 sm:flex-row sm:items-stretch\"\u001b[39m\n            \u001b[36m>\u001b[39m\n              \u001b[36m<div\u001b[39m\n                \u001b[33mclass\u001b[39m=\u001b[32m\"relative min-w-0 flex-1\"\u001b[39m\n              \u001b[36m>\u001b[39m\n                \u001b[36m<span\u001b[39m\n                  \u001b[33maria-hidden\u001b[39m=\u001b[32m\"true\"\u001b[39m\n                  \u001b[33mclass\u001b[39m=\u001b[32m\"pointer-events-none absolute left-3 top-1/2 -translate-y-1/2 text-slate-400\"\u001b[39m\n                \u001b[36m>\u001b[39m\n                  \u001b[36m<svg\u001b[39m\n                    \u001b[33mclass\u001b[39m=\u001b[32m\"h-4 w-4\"\u001b[39m\n                    \u001b[33mfill\u001b[39m=\u001b[32m\"none\"\u001b[39m\n                    \u001b[33mstroke\u001b[39m=\u001b[32m\"currentColor\"\u001b[39m\n                    \u001b[33mviewBox\u001b[39m=\u001b[32m\"0 0 24 24\"\u001b[39m\n                  \u001b[36m>\u001b[39m\n                    \u001b[36m<path\u001b[39m\n                      \u001b[33md\u001b[39m=\u001b[32m\"M21 21l-6-6m2-5a7 7 0 11-14 0 7 7 0 0114 0z\"\u001b[39m\n                      \u001b[33mstroke-linecap\u001b[39m=\u001b[32m\"round\"\u001b[39m\n                      \u001b[33mstroke-linejoin\u001b[39m=\u001b[32m\"round\"\u001b[39m\n                      \u001b[33mstroke-width\u001b[39m=\u001b[32m\"2\"\u001b[39m\n                    \u001b[36m/>\u001b[39m\n                  \u001b[36m</svg>\u001b[39m\n                \u001b[36m</span>\u001b[39m\n                \u001b[36m<input\u001b[39m\n                  \u001b[33mclass\u001b[39m=\u001b[32m\"w-full rounded-lg border border-slate-200 bg-slate-50 py-2.5 pl-9 pr-3 text-sm text-slate-900 placeholder:text-slate-400 focus:border-brand focus:bg-white focus:outline-none focus:ring-2 focus:ring-brand/20\"\u001b[39m\n                  \u001b[33mplaceholder\u001b[39m=\u001b[32m\"Search restaurants\"\u001b[39m\n                  \u001b[33mtype\u001b[39m=\u001b[32m\"search\"\u001b[39m\n                  \u001b[33mvalue\u001b[39m=\u001b[32m\"\"\u001b[39m\n                \u001b[36m/>\u001b[39m\n              \u001b[36m</div>\u001b[39m\n              \u001b[36m<div\u001b[39m\n                \u001b[33mclass\u001b[39m=\u001b[32m\"relative min-w-0 flex-1 sm:max-w-xs\"\u001b[39m\n              \u001b[36m>\u001b[39m\n                \u001b[36m<span\u001b[39m\n                  \u001b[33maria-hidden\u001b[39m=\u001b[32m\"true\"\u001b[39m\n                  \u001b[33mclass\u001b[39m=\u001b[32m\"pointer-events-none absolute left-3 top-1/2 -translate-y-1/2 text-slate-400\"\u001b[39m\n                \u001b[36m>\u001b[39m\n                  \u001b[36m<svg\u001b[39m\n                    \u001b[33mclass\u001b[39m=\u001b[32m\"h-4 w-4\"\u001b[39m\n                    \u001b[33mfill\u001b[39m=\u001b[32m\"none\"\u001b[39m\n                    \u001b[33mstroke\u001b[39m=\u001b[32m\"currentColor\"\u001b[39m\n                    \u001b[33mviewBox\u001b[39m=\u001b[32m\"0 0 24 24\"\u001b[39m\n                  \u001b[36m>\u001b[39m\n                    \u001b[36m<path\u001b[39m\n                      \u001b[33md\u001b[39m=\u001b[32m\"M17.657 16.657L13.414 20.9a1.998 1.998 0 01-2.827 0l-4.244-4.243a8 8 0 1111.314 0z\"\u001b[39m\n                      \u001b[33mstroke-linecap\u001b[39m=\u001b[32m\"round\"\u001b[39m\n                      \u001b[33mstroke-linejoin\u001b[39m=\u001b[32m\"round\"\u001b[39m\n                      \u001b[33mstroke-width\u001b[39m=\u001b[32m\"2\"\u001b[39m\n                    \u001b[36m/>\u001b[39m\n                    \u001b[36m<path\u001b[39m\n                      \u001b[33md\u001b[39m=\u001b[32m\"M15 11a3 3 0 11-6 0 3 3 0 016 0z\"\u001b[39m\n                      \u001b[33mstroke-linecap\u001b[39m=\u001b[32m\"round\"\u001b[39m\n                      \u001b[33mstroke-linejoin\u001b[39m=\u001b[32m\"round\"\u001b[39m\n                      \u001b[33mstroke-width\u001b[39m=\u001b[32m\"2\"\u001b[39m\n                    \u001b[36m/>\u001b[39m\n                  \u001b[36m</svg>\u001b[39m\n                \u001b[36m</span>\u001b[39m\n                \u001b[36m<input\u001b[39m\n                  \u001b[33mclass\u001b[39m=\u001b[32m\"w-full rounded-lg border border-slate-200 bg-slate-50 py-2.5 pl-9 pr-3 text-sm text-slate-900 placeholder:text-slate-400 focus:border-brand focus:bg-white focus:outline-none focus:ring-2 focus:ring-brand/20\"\u001b[39m\n                  \u001b[33mplaceholder\u001b[39m=\u001b[32m\"City, neighborhood, or ZIP\"\u001b[39m\n                  \u001b[33mtype\u001b[39m=\u001b[32m\"text\"\u001b[39m\n                  \u001b[33mvalue\u001b[39m=\u001b[32m\"\"\u001b[39m\n                \u001b[36m/>\u001b[39m\n              \u001b[36m</div>\u001b[39m\n              \u001b[36m<button\u001b[39m\n                \u001b[33mclass\u001b[39m=\u001b[32m\"shrink-0 rounded-lg bg-brand px-5 py-2.5 text-sm font-semibold text-white shadow hover:bg-brand-dark focus:outline-none focus:ring-2 focus:ring-brand/40 disabled:opacity-60\"\u001b[39m\n                \u001b[33mtype\u001b[39m=\u001b[32m\"button\"\u001b[39m\n              \u001b[36m>\u001b[39m\n                \u001b[0mSearch\u001b[0m\n              \u001b[36m</button>\u001b[39m\n              \u001b[36m<button\u001b[39m\n                \u001b[33mclass\u001b[39m=\u001b[32m\"shrink-0 rounded-lg border border-slate-200 bg-white px-4 py-2.5 text-sm font-semibold text-slate-800 shadow-sm hover:bg-slate-50 disabled:opacity-60\"\u001b[39m\n                \u001b[33mtype\u001b[39m=\u001b[32m\"button\"\u001b[39m\n              \u001b[36m>\u001b[39m\n                \u001b[0mUse my location\u001b[0m\n              \u001b[36m</button>\u001b[39m\n            \u001b[36m</div>\u001b[39m\n            \u001b[36m<div\u001b[39m\n              \u001b[33mclass\u001b[39m=\u001b[32m\"flex items-center justify-between gap-3 sm:justify-end\"\u001b[39m\n            \u001b[36m>\u001b[39m\n              \u001b[36m<button\u001b[39m\n                \u001b[33maria-label\u001b[39m=\u001b[32m\"Notifications\"\u001b[39m\n                \u001b[33mclass\u001b[39m=\u001b[32m\"hidden rounded-full border border-slate-200 p-2 text-slate-600 hover:bg-slate-50 md:inline-flex\"\u001b[39m\n                \u001b[33mtype\u001b[39m=\u001b[32m\"button\"\u001b[39m\n              \u001b[36m>\u001b[39m\n                \u001b[36m<svg\u001b[39m\n                  \u001b[33mclass\u001b[39m=\u001b[32m\"h-5 w-5\"\u001b[39m\n                  \u001b[33mfill\u001b[39m=\u001b[32m\"none\"\u001b[39m\n                  \u001b[33mstroke\u001b[39m=\u001b[32m\"currentColor\"\u001b[39m\n                  \u001b[33mviewBox\u001b[39m=\u001b[32m\"0 0 24 24\"\u001b[39m\n                \u001b[36m>\u001b[39m\n                  \u001b[36m<path\u001b[39m\n                    \u001b[33md\u001b[39m=\u001b[32m\"M15 17h5l-1.405-1.405A2.032 2.032 0 0118 14.158V11a6.002 6.002 0 00-4-5.659V5a2 2 0 10-4 0v.341C7.67 6.165 6 8.388 6 11v3.159c0 .538-.214 1.055-.595 1.436L4 17h5m6 0...\n    at /Users/renumacbook/Documents/Prabhu - Git/local-spot/client/src/__tests__/TrustBadge.test.jsx:118:23\n    at runWithExpensiveErrorDiagnosticsDisabled (/Users/renumacbook/Documents/Prabhu - Git/local-spot/client/node_modules/@testing-library/dom/dist/config.js:47:12)\n    at checkCallback (/Users/renumacbook/Documents/Prabhu - Git/local-spot/client/node_modules/@testing-library/dom/dist/wait-for.js:124:77)\n    at Timeout.checkRealTimersCallback (/Users/renumacbook/Documents/Prabhu - Git/local-spot/client/node_modules/@testing-library/dom/dist/wait-for.js:118:16)\n    at listOnTimeout (node:internal/timers:605:17)\n    at processTimers (node:internal/timers:541:7)"],"meta":{}},{"ancestorTitles":["Trust Score Badge in DashboardPage header"],"fullName":"Trust Score Badge in DashboardPage header displays Active status pill for active users","status":"failed","title":"displays Active status pill for active users","duration":1009.4516659999999,"failureMessages":["AssertionError: expected null to be truthy\n\nIgnored nodes: comments, script, style\n\u001b[36m<html>\u001b[39m\n  \u001b[36m<head />\u001b[39m\n  \u001b[36m<body>\u001b[39m\n    \u001b[36m<div>\u001b[39m\n      \u001b[36m<div\u001b[39m\n        \u001b[33mclass\u001b[39m=\u001b[32m\"min-h-screen bg-slate-100\"\u001b[39m\n      \u001b[36m>\u001b[39m\n        \u001b[36m<header\u001b[39m\n          \u001b[33mclass\u001b[39m=\u001b[32m\"sticky top-0 z-40 border-b border-slate-200 bg-white shadow-sm\"\u001b[39m\n        \u001b[36m>\u001b[39m\n          \u001b[36m<div\u001b[39m\n            \u001b[33mclass\u001b[39m=\u001b[32m\"mx-auto flex max-w-7xl flex-col gap-3 px-4 py-3 sm:flex-row sm:items-center sm:justify-between sm:gap-4\"\u001b[39m\n          \u001b[36m>\u001b[39m\n            \u001b[36m<div\u001b[39m\n              \u001b[33mclass\u001b[39m=\u001b[32m\"flex items-center gap-3\"\u001b[39m\n            \u001b[36m>\u001b[39m\n              \u001b[36m<div\u001b[39m\n                \u001b[33mclass\u001b[39m=\u001b[32m\"flex h-10 w-10 shrink-0 items-center justify-center rounded-lg bg-brand text-lg font-bold text-white shadow\"\u001b[39m\n              \u001b[36m>\u001b[39m\n                \u001b[0mL\u001b[0m\n              \u001b[36m</div>\u001b[39m\n              \u001b[36m<div\u001b[39m\n                \u001b[33mclass\u001b[39m=\u001b[32m\"hidden sm:block\"\u001b[39m\n              \u001b[36m>\u001b[39m\n                \u001b[36m<p\u001b[39m\n                  \u001b[33mclass\u001b[39m=\u001b[32m\"text-lg font-bold tracking-tight text-slate-900\"\u001b[39m\n                \u001b[36m>\u001b[39m\n                  \u001b[0mLocalSpot\u001b[0m\n                \u001b[36m</p>\u001b[39m\n                \u001b[36m<p\u001b[39m\n                  \u001b[33mclass\u001b[39m=\u001b[32m\"text-xs text-slate-500\"\u001b[39m\n                \u001b[36m>\u001b[39m\n                  \u001b[0mDiscover local favorites\u001b[0m\n                \u001b[36m</p>\u001b[39m\n              \u001b[36m</div>\u001b[39m\n            \u001b[36m</div>\u001b[39m\n            \u001b[36m<div\u001b[39m\n              \u001b[33mclass\u001b[39m=\u001b[32m\"flex min-w-0 flex-1 flex-col gap-2 sm:flex-row sm:items-stretch\"\u001b[39m\n            \u001b[36m>\u001b[39m\n              \u001b[36m<div\u001b[39m\n                \u001b[33mclass\u001b[39m=\u001b[32m\"relative min-w-0 flex-1\"\u001b[39m\n              \u001b[36m>\u001b[39m\n                \u001b[36m<span\u001b[39m\n                  \u001b[33maria-hidden\u001b[39m=\u001b[32m\"true\"\u001b[39m\n                  \u001b[33mclass\u001b[39m=\u001b[32m\"pointer-events-none absolute left-3 top-1/2 -translate-y-1/2 text-slate-400\"\u001b[39m\n                \u001b[36m>\u001b[39m\n                  \u001b[36m<svg\u001b[39m\n                    \u001b[33mclass\u001b[39m=\u001b[32m\"h-4 w-4\"\u001b[39m\n                    \u001b[33mfill\u001b[39m=\u001b[32m\"none\"\u001b[39m\n                    \u001b[33mstroke\u001b[39m=\u001b[32m\"currentColor\"\u001b[39m\n                    \u001b[33mviewBox\u001b[39m=\u001b[32m\"0 0 24 24\"\u001b[39m\n                  \u001b[36m>\u001b[39m\n                    \u001b[36m<path\u001b[39m\n                      \u001b[33md\u001b[39m=\u001b[32m\"M21 21l-6-6m2-5a7 7 0 11-14 0 7 7 0 0114 0z\"\u001b[39m\n                      \u001b[33mstroke-linecap\u001b[39m=\u001b[32m\"round\"\u001b[39m\n                      \u001b[33mstroke-linejoin\u001b[39m=\u001b[32m\"round\"\u001b[39m\n                      \u001b[33mstroke-width\u001b[39m=\u001b[32m\"2\"\u001b[39m\n                    \u001b[36m/>\u001b[39m\n                  \u001b[36m</svg>\u001b[39m\n                \u001b[36m</span>\u001b[39m\n                \u001b[36m<input\u001b[39m\n                  \u001b[33mclass\u001b[39m=\u001b[32m\"w-full rounded-lg border border-slate-200 bg-slate-50 py-2.5 pl-9 pr-3 text-sm text-slate-900 placeholder:text-slate-400 focus:border-brand focus:bg-white focus:outline-none focus:ring-2 focus:ring-brand/20\"\u001b[39m\n                  \u001b[33mplaceholder\u001b[39m=\u001b[32m\"Search restaurants\"\u001b[39m\n                  \u001b[33mtype\u001b[39m=\u001b[32m\"search\"\u001b[39m\n                  \u001b[33mvalue\u001b[39m=\u001b[32m\"\"\u001b[39m\n                \u001b[36m/>\u001b[39m\n              \u001b[36m</div>\u001b[39m\n              \u001b[36m<div\u001b[39m\n                \u001b[33mclass\u001b[39m=\u001b[32m\"relative min-w-0 flex-1 sm:max-w-xs\"\u001b[39m\n              \u001b[36m>\u001b[39m\n                \u001b[36m<span\u001b[39m\n                  \u001b
[...]
6 0z\"\u001b[39m\n                      \u001b[33mstroke-linecap\u001b[39m=\u001b[32m\"round\"\u001b[39m\n                      \u001b[33mstroke-linejoin\u001b[39m=\u001b[32m\"round\"\u001b[39m\n                      \u001b[33mstroke-width\u001b[39m=\u001b[32m\"2\"\u001b[39m\n                    \u001b[36m/>\u001b[39m\n                  \u001b[36m</svg>\u001b[39m\n                \u001b[36m</span>\u001b[39m\n                \u001b[36m<input\u001b[39m\n                  \u001b[33mclass\u001b[39m=\u001b[32m\"w-full rounded-lg border border-slate-200 bg-slate-50 py-2.5 pl-9 pr-3 text-sm text-slate-900 placeholder:text-slate-400 focus:border-brand focus:bg-white focus:outline-none focus:ring-2 focus:ring-brand/20\"\u001b[39m\n                  \u001b[33mplaceholder\u001b[39m=\u001b[32m\"City, neighborhood, or ZIP\"\u001b[39m\n                  \u001b[33mtype\u001b[39m=\u001b[32m\"text\"\u001b[39m\n                  \u001b[33mvalue\u001b[39m=\u001b[32m\"\"\u001b[39m\n                \u001b[36m/>\u001b[39m\n              \u001b[36m</div>\u001b[39m\n              \u001b[36m<button\u001b[39m\n                \u001b[33mclass\u001b[39m=\u001b[32m\"shrink-0 rounded-lg bg-brand px-5 py-2.5 text-sm font-semibold text-white shadow hover:bg-brand-dark focus:outline-none focus:ring-2 focus:ring-brand/40 disabled:opacity-60\"\u001b[39m\n                \u001b[33mtype\u001b[39m=\u001b[32m\"button\"\u001b[39m\n              \u001b[36m>\u001b[39m\n                \u001b[0mSearch\u001b[0m\n              \u001b[36m</button>\u001b[39m\n              \u001b[36m<button\u001b[39m\n                \u001b[33mclass\u001b[39m=\u001b[32m\"shrink-0 rounded-lg border border-slate-200 bg-white px-4 py-2.5 text-sm font-semibold text-slate-800 shadow-sm hover:bg-slate-50 disabled:opacity-60\"\u001b[39m\n                \u001b[33mtype\u001b[39m=\u001b[32m\"button\"\u001b[39m\n              \u001b[36m>\u001b[39m\n                \u001b[0mUse my location\u001b[0m\n              \u001b[36m</button>\u001b[39m\n            \u001b[36m</div>\u001b[39m\n            \u001b[36m<div\u001b[39m\n              \u001b[33mclass\u001b[39m=\u001b[32m\"flex items-center justify-between gap-3 sm:justify-end\"\u001b[39m\n            \u001b[36m>\u001b[39m\n              \u001b[36m<button\u001b[39m\n                \u001b[33maria-label\u001b[39m=\u001b[32m\"Notifications\"\u001b[39m\n                \u001b[33mclass\u001b[39m=\u001b[32m\"hidden rounded-full border border-slate-200 p-2 text-slate-600 hover:bg-slate-50 md:inline-flex\"\u001b[39m\n                \u001b[33mtype\u001b[39m=\u001b[32m\"button\"\u001b[39m\n              \u001b[36m>\u001b[39m\n                \u001b[36m<svg\u001b[39m\n                  \u001b[33mclass\u001b[39m=\u001b[32m\"h-5 w-5\"\u001b[39m\n                  \u001b[33mfill\u001b[39m=\u001b[32m\"none\"\u001b[39m\n                  \u001b[33mstroke\u001b[39m=\u001b[32m\"currentColor\"\u001b[39m\n                  \u001b[33mviewBox\u001b[39m=\u001b[32m\"0 0 24 24\"\u001b[39m\n                \u001b[36m>\u001b[39m\n                  \u001b[36m<path\u001b[39m\n                    \u001b[33md\u001b[39m=\u001b[32m\"M15 17h5l-1.405-1.405A2.032 2.032 0 0118 14.158V11a6.002 6.002 0 00-4-5.659V5a2 2 0 10-4 0v.341C7.67 6.165 6 8.388 6 11v3.159c0 .538-.214 1.055-.595 1.436L4 17h5m6 0...\n    at /Users/renumacbook/Documents/Prabhu - Git/local-spot/client/src/__tests__/TrustBadge.test.jsx:167:20\n    at runWithExpensiveErrorDiagnosticsDisabled (/Users/renumacbook/Documents/Prabhu - Git/local-spot/client/node_modules/@testing-library/dom/dist/config.js:47:12)\n    at checkCallback (/Users/renumacbook/Documents/Prabhu - Git/local-spot/client/node_modules/@testing-library/dom/dist/wait-for.js:124:77)\n    at Timeout.checkRealTimersCallback (/Users/renumacbook/Documents/Prabhu - Git/local-spot/client/node_modules/@testing-library/dom/dist/wait-for.js:118:16)\n    at listOnTimeout (node:internal/timers:605:17)\n    at processTimers (node:internal/timers:541:7)"],"meta":{}},{"ancestorTitles":["Trust Score Badge in DashboardPage header"],"fullName":"Trust Score Badge in DashboardPage header does NOT show trust badge for owner role","status":"passed","title":"does NOT show trust badge for owner role","duration":10.29883400000017,"failureMessages":[],"meta":{}},{"ancestorTitles":["Trust Score Badge in DashboardPage header"],"fullName":"Trust Score Badge in DashboardPage header does NOT show trust badge for admin role","status":"passed","title":"does NOT show trust badge for admin role","duration":8.37670799999978,"failureMessages":[],"meta":{}},{"ancestorTitles":["Trust Score Badge in DashboardPage header"],"fullName":"Trust Score Badge in DashboardPage header calls refreshUser on mount to ensure fresh trust data","status":"passed","title":"calls refreshUser on mount to ensure fresh trust data","duration":8.209915999999794,"failureMessages":[],"meta":{}}],"startTime":1777914447737,"endTime":1777914451840.21,"status":"failed","message":"","name":"/Users/renumacbook/Documents/Prabhu - Git/local-spot/client/src/__tests__/TrustBadge.test.jsx"},{"assertionResults":[{"ancestorTitles":["VenueDetails"],"fullName":"VenueDetails should show loading state initially","status":"passed","title":"should show loading state initially","duration":21.014416999999867,"failureMessages":[],"meta":{}},{"ancestorTitles":["VenueDetails"],"fullName":"VenueDetails should show error if venue not found","status":"passed","title":"should show error if venue not found","duration":54.34954199999993,"failureMessages":[],"meta":{}},{"ancestorTitles":["VenueDetails"],"fullName":"VenueDetails should display venue details","status":"failed","title":"should display venue details","duration":1006.4305829999998,"failureMessages":["Error: Unable to find an element with the text: 85. This could be because the text is broken up by multiple elements. In this case, you can provide a function for your text matcher to make your matcher more flexible.\n\nIgnored nodes: comments, script, style\n\u001b[36m<body>\u001b[39m\n  \u001b[36m<div>\u001b[39m\n    \u001b[36m<div\u001b[39m\n      \u001b[33mclass\u001b[39m=\u001b[32m\"min-h-screen bg-slate-50 pb-20\"\u001b[39m\n    \u001b[36m>\u001b[39m\n      \u001b[36m<div\u001b[39m\n        \u001b[33mclass\u001b[39m=\u001b[32m\"relative h-72 md:h-96 w-full bg-brand overflow-hidden\"\u001b[39m\n      \u001b[36m>\u001b[39m\n        \u001b[36m<img\u001b[39m\n          \u001b[33malt\u001b[39m=\u001b[32m\"Test Cafe\"\u001b[39m\n          \u001b[33mclass\u001b[39m=\u001b[32m\"absolute inset-0 w-full h-full object-cover opacity-80\"\u001b[39m\n          \u001b[33msrc\u001b[39m=\u001b[32m\"image1.jpg\"\u001b[39m\n        \u001b[36m/>\u001b[39m\n        \u001b[36m<div\u001b[39m\n          \u001b[33mclass\u001b[39m=\u001b[32m\"absolute inset-0 bg-gradient-to-t from-slate-900/90 via-slate-900/40 to-transparent\"\u001b[39m\n        \u001b[36m/>\u001b[39m\n        \u001b[36m<div\u001b[39m\n          \u001b[33mclass\u001b[39m=\u001b[32m\"absolute top-0 left-0 right-0 p-6 flex justify-between items-center z-10\"\u001b[39m\n        \u001b[36m>\u001b[39m\n          \u001b[36m<button\u001b[39m\n            \u001b[33mclass\u001b[39m=\u001b[32m\"flex items-center justify-center w-10 h-10 rounded-full bg-white/20 backdrop-blur-md text-white hover:bg-white/30 transition shadow-sm\"\u001b[39m\n          \u001b[36m>\u001b[39m\n            \u001b[36m<svg\u001b[39m\n              \u001b[33maria-hidden\u001b[39m=\u001b[32m\"true\"\u001b[39m\n              \u001b[33mclass\u001b[39m=\u001b[32m\"lucide lucide-arrow-left w-5 h-5\"\u001b[39m\n              \u001b[33mfill\u001b[39m=\u001b[32m\"none\"\u001b[39m\n              \u001b[33mheight\u001b[39m=\u001b[32m\"24\"\u001b[39m\n              \u001b[33mstroke\u001b[39m=\u001b[32m\"currentColor\"\u001b[39m\n              \u001b[33mstroke-linecap\u001b[39m=\u001b[32m\"round\"\u001b[39m\n              \u001b[33mstroke-linejoin\u001b[39m=\u001b[32m\"round\"\u001b[39m\n              \u001b[33mstroke-width\u001b[39m=\u001b[32m\"2\"\u001b[39m\n              \u001b[33mviewBox\u001b[39m=\u001b[32m\"0 0 24 24\"\u001b[39m\n              \u001b[33mwidth\u001b[39m=\u001b[32m\"24\"\u001b[39m\n              \u001b[33mxmlns\u001b[39m=\u001b[32m\"http://www.w3.org/2000/svg\"\u001b[39m\n            \u001b[36m>\u001b[39m\n              \u001b[36m<path\u001b[39m\n                \u001b[33md\u001b[39m=\u001b[32m\"m12 19-7-7 7-7\"\u001b[39m\n              \u001b[36m/>\u001b[39m\n              \u001b[36m<path\u001b[39m\n                \u001b[33md\u001b[39m=\u001b[32m\"M19 12H5\"\u001b[39m\n              \u001b[36m/>\u001b[39m\n            \u001b[36m</svg>\u001b[39m\n          \u001b[36m</button>\u001b[39m\n        \u001b[36m</div>\u001b[39m\n        \u001b[36m<div\u001b[39m\n          \u001b[33mclass\u001b[39m=\u001b[32m\"absolute bottom-0 left-0 w-full p-6 md:p-10 z-10\"\u001b[39m\n        \u001b[36m>\u001b[39m\n          \u001b[36m<div\u001b[39m\n            \u001b[33mclass\u001b[39m=\u001b[32m\"max-w-5xl mx-auto flex flex-col gap-2\"\u001b[39m\n          \u001b[36m>\u001b[39m\n            \u001b[36m<span\u001b[39m\n              \u001b[33mclass\u001b[39m=\u001b[32m\"inline-block px-3 py-1 rounded-full bg-white/20 backdrop-blur-md text-white text-xs font-semibold uppercase tracking-wider w-fit\"\u001b[39m\n            \u001b[36m>\u001b[39m\n              \u001b[0mCoffee\u001b[0m\n            \u001b[36m</span>\u001b[39m\n            \u001b[36m<h1\u001b[39m\n              \u001b[33mclass\u001b[39m=\u001b[32m\"text-3xl md:text-5xl font-bold text-white tracking-tight\"\u001b[39m\n            \u001b[36m>\u001b[39m\n              \u001b[0mTest Cafe\u001b[0m\n            \u001b[36m</h1>\u001b[39m\n            \u001b[36m<div\u001b[39m\n              \u001b[33mclass\u001b[39m=\u001b[32m\"flex items-center gap-2 text-white/90 text-sm md:text-base mt-1\"\u001b[39m\n            \u001b[36m>\u001b[39m\n              \u001b[36m<svg\u001b[39m\n                \u001b[33maria-hidden\u001b[39m=\u001b[32m\"true\"\u001b[39m\n                \u001b[33mclass\u001b[39m=\u001b[32m\"lucide lucide-map-pin w-4 h-4 shrink-0\"\u001b[39m\n                \u001b[33mfill\u001b[39m=\u001b[32m\"none\"\u001b[39m\n                \u001b[33mheight\u001b[39m=\u001b[32m\"24\"\u001b[39m\n                \u001b[33mstroke\u001b[39m=\u001b[32m\"currentColor\"\u001b[39m\n                \u001b[33mstroke-linecap\u001b[39m=\u001b[32m\"round\"\u001b[39m\n                \u001b[33mstroke-linejoin\u001b[39m=\u001b[32m\"round\"\u001b[39m\n                \u001b[33mstroke-width\u001b[39m=\u001b[32m\"2\"\u001b[39m\n                \u001b[33mviewBox\u001b[39m=\u001b[32m\"0 0 24 24\"\u001b[39m\n                \u001b[33mwidth\u001b[39m=\u001b[32m\"24\"\u001b[39m\n                \u001b[33mxmlns\u001b[39m=\u001b[32m\"http://www.w3.org/2000/svg\"\u001b[39m\n              \u001b[36m>\u001b[39m\n                \u001b[36m<path\u001b[39m\n                  \u001b[33md\u001b[39m=\u001b[32m\"M20 10c0 4.993-5.539 10.193-7.399 11.799a1 1 0 0 1-1.202 0C9.539 20.193 4 14.993 4 10a8 8 0 0 1 16 0\"\u001b[39m\n                \u001b[36m/>\u001b[39m\n                \u001b[36m<circle\u001b[39m\n                  \u001b[33mcx\u001b[39m=\u001b[32m\"12\"\u001b[39m\n                  \u001b[33mcy\u001b[39m=\u001b[32m\"10\"\u001b[39m\n                  \u001b[33mr\u001b[39m=\u001b[32m\"3\"\u001b[39m\n                \u001b[36m/>\u001b[39m\n              \u001b[36m</svg>\u001b[39m\n              \u001b[36m<span>\u001b[39m\n                \u001b[0mLocation unavailable\u001b[0m\n              \u001b[36m</span>\u001b[39m\n            \u001b[36m</div>\u001b[39m\n          \u001b[36m</div>\u001b[39m\n        \u001b[36m</div>\u001b[39m\n      \u001b[36m</div>\u001b[39m\n      \u001b[36m<div\u001b[39m\n        \u001b[33mclass\u001b[39m=\u001b[32m\"max-w-5xl mx-auto px-6 -mt-6 relative z-20\"\u001b[39m\n      \u001b[36m>\u001b[39m\n        \u001b[36m<div\u001b[39m\n          \u001b[33mclass\u001b[39m=\u001b[32m\"grid grid-cols-1 md:grid-cols-3 gap-8 mt-8\"\u001b[39m\n        \u001b[36m>\u001b[39m\n          \u001b[36m<div\u001b[39m\n            \u001b[33mclass\u001b[39m=\u001b[32m\"md:col-span-2 space-y-8\"\u001b[39m\n          \u001b[36m>\u001b[39m\n            \u001b[36m<section>\u001b[39m\n              \u001b[36m<h3\u001b[39m\n                \u001b[33mclass\u001b[39m=\u001b[32m\"text-lg font-bold text-slate-800 mb-4\"\u001b[39m\n              \u001b[36m>\u001b[39m\n                \u001b[0mVibes & Amenities\u001b[0m\n              \u001b[36m</h3>\u001b[39m\n              \u001b[36m<div\u001b[39m\n                \u001b[33mclass\u001b[39m=\u001b[32m\"flex flex-wrap gap-2\"\u001b[39m\n              \u001b[36m>\u001b[39m\n                \u001b[36m<span\u001b[39m\n                  \u001b[33mclass\u001b[39m=\u001b[32m\"px-3 py-1.5 rounded-lg bg-slate-100 text-slate-600 text-sm font-medium border border-slate-200\"\u001b[39m\n                \u001b[36m>\u001b[39m\n                  \u001b[0mCozy\u001b[0m\n                \u001b[36m</span>\u001b[39m\n                \u001b[36m<span\u001b[39m\n                  \u001b[33mclass\u001b[39m=\u001b[32m\"px-3 py-1.5 rounded-lg bg-slate-100 text-slate-600 text-sm font-medium border border-slate-200\"\u001b[39m\n                \u001b[36m>\u001b[39m\n                  \u001b[0mWifi\u001b[0m\n                \u001b[36m</span>\u001b[39m\n              \u001b[36m</div>\u001b[39m\n            \u001b[36m</section>\u001b[39m\n            \u001b[36m<section>\u001b[39m\n              \u001b[36m<div\u001b[39m\n                \u001b[33mclass\u001b[39m=\u001b[32m\"flex items-center justify-between mb-6\"\u001b[39m\n              \u001b[36m>\u001b[39m\n                \u001b[36m<h3\u001b[39m\n                  \u001b[33mclass\u001b[39m=\u001b[32m\"text-lg font-bold text-slate-800\"\u001b[39m\n                \u001b[36m>\u001b[39m\n                  \u001b[0mReviews\u001b[0m\n                \u001b[36m</h3>\u001b[39m\n              \u001b[36m</div>\u001b[39m\n              \u001b[36m<div\u001b[39m\n                \u001b[33mclass\u001b[39m=\u001b[32m\"space-y-4\"\u001b[39m\n              \u001b[36m>\u001b[39m\n                \u001b[36m<div\u001b[39m\n                  \u001b[33mclass\u001b[39m=\u001b[32m\"bg-white p-5 rounded-2xl shadow-sm border border-slate-100\"\u001b[39m\n                \u001b[36m>\u001b[39m\n                  \u001b[36m<div\u001b[39m\n                    \u001b[33mclass\u001b[39m=\u001b[32m\"flex items-center gap-3 mb-3\"\u001b[39m\n                  \u001b[36m>\u001b[39m\n                    \u001b[36m<div\u001b[39m\n                      \u001b[33mclass\u001b[39m=\u001b[32m\"flex items-center justify-center w-10 h-10 rounded-full bg-brand-light text-brand font-bold uppercase\"\u001b[39m\n                    \u001b[36m>\u001b[39m\n                      \u001b[0mU\u001b[0m\n                    \u001b[36m</div>\u001b[39m\n                    \u001b[36m<div\u001b[39m\n                      \u001b[33mclass\u001b[39m=\u001b[32m\"flex-1 min-w-0\"\u001b[39m\n                    \u001b[36m>\u001b[39m\n                      \u001b[36m<p\u001b[39m\n                        \u001b[33mclass\u001b[39m=\u001b[32m\"text-sm font-bold text-slate-800\"\u001b[39m\n                      \u001b[36m>\u001b[39m\n                        \u001b[0mUser1\u001b[0m\n                  ...\n    at Proxy.waitFor (/Users/renumacbook/Documents/Prabhu - Git/local-spot/client/node_modules/@testing-library/dom/dist/wait-for.js:163:27)\n    at /Users/renumacbook/Documents/Prabhu - Git/local-spot/client/src/__tests__/VenueDetails.test.jsx:113:11\n    at file:///Users/renumacbook/Documents/Prabhu%20-%20Git/local-spot/client/node_modules/@vitest/runner/dist/index.js:146:14\n    at file:///Users/renumacbook/Documents/Prabhu%20-%20Git/local-spot/client/node_modules/@vitest/runner/dist/index.js:533:11\n    at runWithTimeout (file:///Users/renumacbook/Documents/Prabhu%20-%20Git/local-spot/client/node_modules/@vitest/runner/dist/index.js:39:7)\n    at runTest (file:///Users/renumacbook/Documents/Prabhu%20-%20Git/local-spot/client/node_modules/@vitest/runner/dist/index.js:1056:17)\n    at runSuite (file:///Users/renumacbook/Documents/Prabhu%20-%20Git/local-spot/client/node_modules/@vitest/runner/dist/index.js:1205:15)\n    at runSuite (file:///Users/renumacbook/Documents/Prabhu%20-%20Git/local-spot/client/node_modules/@vitest/runner/dist/index.js:1205:15)\n    at runFiles (file:///Users/renumacbook/Documents/Prabhu%20-%20Git/local-spot/client/node_modules/@vitest/runner/dist/index.js:1262:5)\n    at startTests (file:///Users/renumacbook/Documents/Prabhu%20-%20Git/local-spot/client/node_modules/@vitest/runner/dist/index.js:1271:3)"],"meta":{}},{"ancestorTitles":["VenueDetails"],"fullName":"VenueDetails should allow owner to claim venue if not claimed","status":"passed","title":"should allow owner to claim venue if not claimed","duration":13.992292000000361,"failureMessages":[],"meta":{}},{"ancestorTitles":["VenueDetails"],"fullName":"VenueDetails should allow voting on a review and handle enriched response","status":"passed","title":"should allow voting on a review and handle enriched response","duration":51.39087500000005,"failureMessages":[],"meta":{}},{"ancestorTitles":["VenueDetails"],"fullName":"VenueDetails should render review form for users","status":"passed","title":"should render review form for users","duration":5.862167000000227,"failureMessages":[],"meta":{}},{"ancestorTitles":["VenueDetails"],"fullName":"VenueDetails should render crowd toggle for users","status":"passed","title":"should render crowd toggle for users","duration":5.484791999999743,"failureMessages":[],"meta":{}},{"ancestorTitles":["VenueDetails"],"fullName":"VenueDetails should NOT update review when voting on own review (403 self-vote)","status":"passed","title":"should NOT update review when voting on own review (403 self-vote)","duration":11.862999999999829,"failureMessages":[],"meta":{}}],"startTime":1777914447639,"endTime":1777914448812.863,"status":"failed","message":"","name":"/Users/renumacbook/Documents/Prabhu - Git/local-spot/client/src/__tests__/VenueDetails.test.jsx"},{"assertionResults":[{"ancestorTitles":["Client API Services","venueApi"],"fullName":"Client API Services venueApi getVenueDetails should fetch a specific venue","status":"passed","title":"getVenueDetails should fetch a specific venue","duration":3.1572080000000824,"failureMessages":[],"meta":{}},{"ancestorTitles":["Client API Services","venueApi"],"fullName":"Client API Services venueApi claimVenue should call post without explicit token","status":"passed","title":"claimVenue should call post without explicit token","duration":0.6441249999998035,"failureMessages":[],"meta":{}},{"ancestorTitles":["Client API Services","reviewApi"],"fullName":"Client API Services reviewApi submitReview should post review data","status":"passed","title":"submitReview should post review data","duration":0.7708749999999327,"failureMessages":[],"meta":{}},{"ancestorTitles":["Client API Services","reviewApi"],"fullName":"Client API Services reviewApi voteOnReview should post vote data","status":"passed","title":"voteOnReview should post vote data","duration":0.48299999999994725,"failureMessages":[],"meta":{}},{"ancestorTitles":["Client API Services","crowdApi"],"fullName":"Client API Services crowdApi submitCrowdReport should post status","status":"passed","title":"submitCrowdReport should post status","duration":0.3734580000000278,"failureMessages":[],"meta":{}},{"ancestorTitles":["Client API Services","analyticsApi"],"fullName":"Client API Services analyticsApi getOwnerDashboard should fetch dashboard","status":"passed","title":"getOwnerDashboard should fetch dashboard","duration":0.34195900000008805,"failureMessages":[],"meta":{}}],"startTime":1777914447503,"endTime":1777914447509.342,"status":"passed","message":"","name":"/Users/renumacbook/Documents/Prabhu - Git/local-spot/client/src/__tests__/services.test.js"}]}
